<?xml version="1.0" encoding="UTF-8"?>
<coverage generated="1545418875050" clover="3.2.0">
  <project timestamp="1545418875050" name="All files">
    <metrics statements="382" coveredstatements="286" conditionals="228" coveredconditionals="144" methods="69" coveredmethods="46" elements="679" coveredelements="476" complexity="0" loc="382" ncloc="382" packages="9" files="16" classes="16">
      <package name="controllers.booking">
        <metrics statements="25" coveredstatements="19" conditionals="28" coveredconditionals="26" methods="2" coveredmethods="1"/>
        <file name="checkout.ts" path="/Users/afedyk/Development/rollbooking/rollbooking.com/src/controllers/booking/checkout.ts">
          <metrics statements="25" coveredstatements="19" conditionals="28" coveredconditionals="26" methods="2" coveredmethods="1"/>
          <line num="1" count="1" type="stmt"/>
          <line num="3" count="1" type="stmt"/>
          <line num="4" count="1" type="stmt"/>
          <line num="9" count="1" type="stmt"/>
          <line num="17" count="1" type="stmt"/>
          <line num="19" count="1" type="stmt"/>
          <line num="21" count="1" type="stmt"/>
          <line num="22" count="0" type="stmt"/>
          <line num="23" count="0" type="stmt"/>
          <line num="24" count="0" type="stmt"/>
          <line num="26" count="0" type="stmt"/>
          <line num="39" count="0" type="stmt"/>
          <line num="41" count="0" type="stmt"/>
          <line num="52" count="1" type="stmt"/>
          <line num="57" count="3" type="cond" truecount="3" falsecount="0"/>
          <line num="58" count="3" type="cond" truecount="3" falsecount="0"/>
          <line num="59" count="3" type="cond" truecount="3" falsecount="0"/>
          <line num="60" count="3" type="cond" truecount="3" falsecount="0"/>
          <line num="61" count="3" type="stmt"/>
          <line num="63" count="3" type="cond" truecount="4" falsecount="0"/>
          <line num="64" count="2" type="stmt"/>
          <line num="66" count="2" type="cond" truecount="2" falsecount="0"/>
          <line num="67" count="1" type="stmt"/>
          <line num="69" count="1" type="stmt"/>
          <line num="73" count="3" type="stmt"/>
        </file>
      </package>
      <package name="helpers">
        <metrics statements="119" coveredstatements="89" conditionals="91" coveredconditionals="45" methods="14" coveredmethods="12"/>
        <file name="date.ts" path="/Users/afedyk/Development/rollbooking/rollbooking.com/src/helpers/date.ts">
          <metrics statements="9" coveredstatements="9" conditionals="0" coveredconditionals="0" methods="2" coveredmethods="2"/>
          <line num="1" count="3" type="stmt"/>
          <line num="2" count="17" type="stmt"/>
          <line num="3" count="17" type="stmt"/>
          <line num="5" count="17" type="stmt"/>
          <line num="9" count="3" type="stmt"/>
          <line num="10" count="12" type="stmt"/>
          <line num="11" count="12" type="stmt"/>
          <line num="12" count="12" type="stmt"/>
          <line num="14" count="12" type="stmt"/>
        </file>
        <file name="form.ts" path="/Users/afedyk/Development/rollbooking/rollbooking.com/src/helpers/form.ts">
          <metrics statements="10" coveredstatements="10" conditionals="2" coveredconditionals="1" methods="2" coveredmethods="2"/>
          <line num="1" count="1" type="stmt"/>
          <line num="2" count="1" type="stmt"/>
          <line num="10" count="1" type="stmt"/>
          <line num="11" count="1" type="stmt"/>
          <line num="15" count="1" type="stmt"/>
          <line num="16" count="1" type="cond" truecount="1" falsecount="1"/>
          <line num="17" count="1" type="stmt"/>
          <line num="18" count="1" type="stmt"/>
          <line num="24" count="1" type="stmt"/>
          <line num="27" count="1" type="stmt"/>
        </file>
        <file name="html.ts" path="/Users/afedyk/Development/rollbooking/rollbooking.com/src/helpers/html.ts">
          <metrics statements="92" coveredstatements="62" conditionals="89" coveredconditionals="44" methods="8" coveredmethods="6"/>
          <line num="5" count="3" type="stmt"/>
          <line num="18" count="3" type="cond" truecount="0" falsecount="1"/>
          <line num="19" count="0" type="cond" truecount="0" falsecount="2"/>
          <line num="20" count="0" type="stmt"/>
          <line num="21" count="0" type="stmt"/>
          <line num="22" count="0" type="stmt"/>
          <line num="24" count="0" type="stmt"/>
          <line num="29" count="0" type="stmt"/>
          <line num="30" count="0" type="cond" truecount="0" falsecount="2"/>
          <line num="31" count="0" type="cond" truecount="0" falsecount="2"/>
          <line num="32" count="0" type="cond" truecount="0" falsecount="4"/>
          <line num="33" count="0" type="cond" truecount="0" falsecount="2"/>
          <line num="34" count="0" type="stmt"/>
          <line num="35" count="0" type="cond" truecount="0" falsecount="4"/>
          <line num="36" count="0" type="stmt"/>
          <line num="37" count="0" type="cond" truecount="0" falsecount="4"/>
          <line num="38" count="0" type="stmt"/>
          <line num="40" count="0" type="stmt"/>
          <line num="44" count="0" type="stmt"/>
          <line num="66" count="1" type="stmt"/>
          <line num="67" count="1" type="stmt"/>
          <line num="68" count="2" type="stmt"/>
          <line num="69" count="2" type="cond" truecount="1" falsecount="1"/>
          <line num="70" count="2" type="cond" truecount="1" falsecount="2"/>
          <line num="71" count="2" type="stmt"/>
          <line num="72" count="2" type="stmt"/>
          <line num="74" count="1" type="stmt"/>
          <line num="78" count="1" type="stmt"/>
          <line num="79" count="1" type="stmt"/>
          <line num="80" count="3" type="cond" truecount="5" falsecount="0"/>
          <line num="81" count="2" type="stmt"/>
          <line num="82" count="2" type="stmt"/>
          <line num="85" count="1" type="stmt"/>
          <line num="88" count="3" type="cond" truecount="1" falsecount="0"/>
          <line num="89" count="7" type="cond" truecount="2" falsecount="0"/>
          <line num="90" count="1" type="stmt"/>
          <line num="91" count="6" type="cond" truecount="4" falsecount="0"/>
          <line num="92" count="1" type="stmt"/>
          <line num="94" count="5" type="cond" truecount="1" falsecount="1"/>
          <line num="106" count="3" type="stmt"/>
          <line num="107" count="0" type="cond" truecount="0" falsecount="2"/>
          <line num="108" count="0" type="cond" truecount="0" falsecount="2"/>
          <line num="109" count="0" type="stmt"/>
          <line num="110" count="0" type="stmt"/>
          <line num="112" count="0" type="cond" truecount="0" falsecount="1"/>
          <line num="113" count="0" type="stmt"/>
          <line num="116" count="0" type="stmt"/>
          <line num="118" count="0" type="stmt"/>
          <line num="133" count="8" type="cond" truecount="5" falsecount="2"/>
          <line num="134" count="1" type="stmt"/>
          <line num="136" count="7" type="cond" truecount="2" falsecount="0"/>
          <line num="137" count="1" type="cond" truecount="1" falsecount="1"/>
          <line num="139" count="6" type="stmt"/>
          <line num="140" count="6" type="cond" truecount="3" falsecount="2"/>
          <line num="141" count="0" type="stmt"/>
          <line num="143" count="6" type="cond" truecount="2" falsecount="0"/>
          <line num="144" count="1" type="stmt"/>
          <line num="145" count="1" type="cond" truecount="3" falsecount="1"/>
          <line num="146" count="0" type="stmt"/>
          <line num="149" count="6" type="cond" truecount="1" falsecount="1"/>
          <line num="150" count="6" type="stmt"/>
          <line num="161" count="3" type="cond" truecount="1" falsecount="0"/>
          <line num="162" count="4" type="stmt"/>
          <line num="164" count="4" type="stmt"/>
          <line num="165" count="8" type="cond" truecount="1" falsecount="1"/>
          <line num="166" count="8" type="stmt"/>
          <line num="168" count="8" type="cond" truecount="2" falsecount="0"/>
          <line num="169" count="2" type="stmt"/>
          <line num="170" count="2" type="stmt"/>
          <line num="171" count="2" type="stmt"/>
          <line num="173" count="6" type="cond" truecount="1" falsecount="1"/>
          <line num="174" count="0" type="stmt"/>
          <line num="176" count="6" type="stmt"/>
          <line num="180" count="4" type="stmt"/>
          <line num="191" count="3" type="stmt"/>
          <line num="192" count="3" type="stmt"/>
          <line num="193" count="2" type="stmt"/>
          <line num="194" count="2" type="stmt"/>
          <line num="195" count="2" type="cond" truecount="2" falsecount="0"/>
          <line num="197" count="1" type="stmt"/>
          <line num="199" count="1" type="stmt"/>
          <line num="200" count="8" type="stmt"/>
          <line num="201" count="0" type="cond" truecount="3" falsecount="2"/>
          <line num="202" count="0" type="stmt"/>
          <line num="203" count="1" type="stmt"/>
          <line num="204" count="1" type="stmt"/>
          <line num="205" count="6" type="stmt"/>
          <line num="207" count="2" type="cond" truecount="1" falsecount="1"/>
          <line num="208" count="2" type="stmt"/>
          <line num="209" count="2" type="stmt"/>
          <line num="211" count="1" type="cond" truecount="1" falsecount="1"/>
          <line num="212" count="1" type="stmt"/>
        </file>
        <file name="string-map-join.ts" path="/Users/afedyk/Development/rollbooking/rollbooking.com/src/helpers/string-map-join.ts">
          <metrics statements="8" coveredstatements="8" conditionals="0" coveredconditionals="0" methods="2" coveredmethods="2"/>
          <line num="1" count="2" type="stmt"/>
          <line num="2" count="5" type="stmt"/>
          <line num="3" count="5" type="stmt"/>
          <line num="5" count="5" type="stmt"/>
          <line num="6" count="5" type="stmt"/>
          <line num="9" count="5" type="stmt"/>
          <line num="13" count="2" type="stmt"/>
          <line num="14" count="2" type="stmt"/>
        </file>
      </package>
      <package name="helpers.date">
        <metrics statements="4" coveredstatements="4" conditionals="0" coveredconditionals="0" methods="2" coveredmethods="2"/>
        <file name="minutes-in-day.ts" path="/Users/afedyk/Development/rollbooking/rollbooking.com/src/helpers/date/minutes-in-day.ts">
          <metrics statements="2" coveredstatements="2" conditionals="0" coveredconditionals="0" methods="1" coveredmethods="1"/>
          <line num="1" count="2" type="stmt"/>
          <line num="2" count="13" type="stmt"/>
        </file>
        <file name="native-date-to-date-object.ts" path="/Users/afedyk/Development/rollbooking/rollbooking.com/src/helpers/date/native-date-to-date-object.ts">
          <metrics statements="2" coveredstatements="2" conditionals="0" coveredconditionals="0" methods="1" coveredmethods="1"/>
          <line num="3" count="2" type="stmt"/>
          <line num="4" count="4" type="stmt"/>
        </file>
      </package>
      <package name="lib">
        <metrics statements="75" coveredstatements="68" conditionals="63" coveredconditionals="57" methods="16" coveredmethods="14"/>
        <file name="database.ts" path="/Users/afedyk/Development/rollbooking/rollbooking.com/src/lib/database.ts">
          <metrics statements="16" coveredstatements="13" conditionals="2" coveredconditionals="2" methods="4" coveredmethods="2"/>
          <line num="1" count="2" type="stmt"/>
          <line num="3" count="2" type="stmt"/>
          <line num="8" count="2" type="stmt"/>
          <line num="9" count="0" type="stmt"/>
          <line num="10" count="0" type="stmt"/>
          <line num="13" count="2" type="stmt"/>
          <line num="18" count="3" type="stmt"/>
          <line num="19" count="3" type="stmt"/>
          <line num="20" count="3" type="stmt"/>
          <line num="22" count="3" type="cond" truecount="2" falsecount="0"/>
          <line num="23" count="2" type="stmt"/>
          <line num="24" count="2" type="stmt"/>
          <line num="27" count="4" type="stmt"/>
          <line num="29" count="3" type="stmt"/>
          <line num="36" count="2" type="stmt"/>
          <line num="37" count="0" type="stmt"/>
        </file>
        <file name="date-range.ts" path="/Users/afedyk/Development/rollbooking/rollbooking.com/src/lib/date-range.ts">
          <metrics statements="59" coveredstatements="55" conditionals="61" coveredconditionals="55" methods="12" coveredmethods="12"/>
          <line num="1" count="2" type="stmt"/>
          <line num="6" count="101" type="stmt"/>
          <line num="7" count="101" type="stmt"/>
          <line num="18" count="3" type="cond" truecount="1" falsecount="1"/>
          <line num="19" count="0" type="stmt"/>
          <line num="22" count="3" type="cond" truecount="2" falsecount="0"/>
          <line num="23" count="3" type="cond" truecount="1" falsecount="1"/>
          <line num="25" count="3" type="stmt"/>
          <line num="29" count="3" type="cond" truecount="1" falsecount="1"/>
          <line num="30" count="0" type="stmt"/>
          <line num="34" count="3" type="stmt"/>
          <line num="37" count="29" type="stmt"/>
          <line num="39" count="3" type="stmt"/>
          <line num="40" count="11" type="cond" truecount="4" falsecount="0"/>
          <line num="41" count="6" type="stmt"/>
          <line num="44" count="5" type="stmt"/>
          <line num="51" count="3" type="stmt"/>
          <line num="56" count="32" type="cond" truecount="4" falsecount="0"/>
          <line num="57" count="15" type="stmt"/>
          <line num="60" count="17" type="cond" truecount="4" falsecount="0"/>
          <line num="61" count="2" type="stmt"/>
          <line num="64" count="15" type="cond" truecount="4" falsecount="0"/>
          <line num="65" count="3" type="stmt"/>
          <line num="68" count="12" type="stmt"/>
          <line num="73" count="13" type="stmt"/>
          <line num="77" count="22" type="cond" truecount="2" falsecount="0"/>
          <line num="78" count="3" type="stmt"/>
          <line num="80" count="3" type="stmt"/>
          <line num="81" count="9" type="stmt"/>
          <line num="83" count="9" type="stmt"/>
          <line num="84" count="14" type="stmt"/>
          <line num="87" count="9" type="stmt"/>
          <line num="90" count="3" type="stmt"/>
          <line num="93" count="19" type="cond" truecount="2" falsecount="0"/>
          <line num="94" count="9" type="stmt"/>
          <line num="97" count="10" type="cond" truecount="4" falsecount="0"/>
          <line num="98" count="6" type="stmt"/>
          <line num="104" count="4" type="cond" truecount="4" falsecount="0"/>
          <line num="105" count="1" type="stmt"/>
          <line num="108" count="3" type="cond" truecount="4" falsecount="0"/>
          <line num="109" count="1" type="stmt"/>
          <line num="114" count="2" type="cond" truecount="3" falsecount="1"/>
          <line num="115" count="2" type="stmt"/>
          <line num="120" count="0" type="stmt"/>
          <line num="134" count="8" type="stmt"/>
          <line num="135" count="8" type="cond" truecount="2" falsecount="0"/>
          <line num="136" count="8" type="stmt"/>
          <line num="138" count="8" type="cond" truecount="2" falsecount="0"/>
          <line num="139" count="24" type="stmt"/>
          <line num="140" count="24" type="stmt"/>
          <line num="141" count="24" type="stmt"/>
          <line num="144" count="8" type="cond" truecount="4" falsecount="0"/>
          <line num="145" count="1" type="stmt"/>
          <line num="148" count="8" type="stmt"/>
          <line num="153" count="202" type="cond" truecount="2" falsecount="0"/>
          <line num="154" count="64" type="stmt"/>
          <line num="157" count="138" type="cond" truecount="3" falsecount="1"/>
          <line num="158" count="138" type="stmt"/>
          <line num="161" count="0" type="stmt"/>
        </file>
      </package>
      <package name="models">
        <metrics statements="9" coveredstatements="9" conditionals="2" coveredconditionals="2" methods="1" coveredmethods="1"/>
        <file name="dat-of-week.ts" path="/Users/afedyk/Development/rollbooking/rollbooking.com/src/models/dat-of-week.ts">
          <metrics statements="9" coveredstatements="9" conditionals="2" coveredconditionals="2" methods="1" coveredmethods="1"/>
          <line num="5" count="1" type="cond" truecount="2" falsecount="0"/>
          <line num="6" count="1" type="stmt"/>
          <line num="7" count="1" type="stmt"/>
          <line num="8" count="1" type="stmt"/>
          <line num="9" count="1" type="stmt"/>
          <line num="10" count="1" type="stmt"/>
          <line num="11" count="1" type="stmt"/>
          <line num="12" count="1" type="stmt"/>
          <line num="13" count="1" type="stmt"/>
        </file>
      </package>
      <package name="queries">
        <metrics statements="55" coveredstatements="14" conditionals="16" coveredconditionals="0" methods="13" coveredmethods="0"/>
        <file name="salons.ts" path="/Users/afedyk/Development/rollbooking/rollbooking.com/src/queries/salons.ts">
          <metrics statements="55" coveredstatements="14" conditionals="16" coveredconditionals="0" methods="13" coveredmethods="0"/>
          <line num="1" count="1" type="stmt"/>
          <line num="7" count="1" type="stmt"/>
          <line num="8" count="0" type="stmt"/>
          <line num="10" count="0" type="cond" truecount="0" falsecount="2"/>
          <line num="13" count="1" type="stmt"/>
          <line num="14" count="0" type="stmt"/>
          <line num="15" count="0" type="stmt"/>
          <line num="17" count="0" type="stmt"/>
          <line num="19" count="0" type="cond" truecount="0" falsecount="2"/>
          <line num="22" count="1" type="stmt"/>
          <line num="23" count="0" type="stmt"/>
          <line num="24" count="0" type="stmt"/>
          <line num="26" count="0" type="stmt"/>
          <line num="28" count="0" type="cond" truecount="0" falsecount="2"/>
          <line num="32" count="1" type="stmt"/>
          <line num="38" count="0" type="stmt"/>
          <line num="39" count="0" type="stmt"/>
          <line num="44" count="0" type="stmt"/>
          <line num="46" count="0" type="cond" truecount="0" falsecount="2"/>
          <line num="54" count="1" type="stmt"/>
          <line num="55" count="0" type="stmt"/>
          <line num="56" count="0" type="stmt"/>
          <line num="58" count="0" type="stmt"/>
          <line num="61" count="1" type="stmt"/>
          <line num="62" count="0" type="stmt"/>
          <line num="64" count="0" type="stmt"/>
          <line num="66" count="0" type="stmt"/>
          <line num="74" count="1" type="stmt"/>
          <line num="75" count="0" type="stmt"/>
          <line num="77" count="0" type="stmt"/>
          <line num="79" count="0" type="stmt"/>
          <line num="82" count="1" type="stmt"/>
          <line num="83" count="0" type="stmt"/>
          <line num="85" count="0" type="stmt"/>
          <line num="87" count="0" type="cond" truecount="0" falsecount="2"/>
          <line num="90" count="1" type="stmt"/>
          <line num="91" count="0" type="stmt"/>
          <line num="92" count="0" type="stmt"/>
          <line num="94" count="0" type="stmt"/>
          <line num="96" count="0" type="cond" truecount="0" falsecount="2"/>
          <line num="99" count="1" type="stmt"/>
          <line num="100" count="0" type="stmt"/>
          <line num="101" count="0" type="stmt"/>
          <line num="106" count="0" type="stmt"/>
          <line num="108" count="0" type="cond" truecount="0" falsecount="2"/>
          <line num="116" count="1" type="stmt"/>
          <line num="117" count="0" type="stmt"/>
          <line num="119" count="0" type="stmt"/>
          <line num="121" count="0" type="stmt"/>
          <line num="124" count="1" type="stmt"/>
          <line num="125" count="0" type="stmt"/>
          <line num="127" count="0" type="stmt"/>
          <line num="130" count="1" type="stmt"/>
          <line num="131" count="0" type="stmt"/>
          <line num="133" count="0" type="cond" truecount="0" falsecount="2"/>
        </file>
      </package>
      <package name="sagas.booking">
        <metrics statements="70" coveredstatements="65" conditionals="14" coveredconditionals="10" methods="12" coveredmethods="11"/>
        <file name="get-booking-workdays.ts" path="/Users/afedyk/Development/rollbooking/rollbooking.com/src/sagas/booking/get-booking-workdays.ts">
          <metrics statements="70" coveredstatements="65" conditionals="14" coveredconditionals="10" methods="12" coveredmethods="11"/>
          <line num="4" count="1" type="stmt"/>
          <line num="5" count="1" type="stmt"/>
          <line num="6" count="1" type="stmt"/>
          <line num="7" count="1" type="stmt"/>
          <line num="9" count="1" type="stmt"/>
          <line num="10" count="1" type="stmt"/>
          <line num="30" count="1" type="stmt"/>
          <line num="31" count="1" type="stmt"/>
          <line num="32" count="1" type="stmt"/>
          <line num="33" count="1" type="stmt"/>
          <line num="35" count="1" type="stmt"/>
          <line num="36" count="1" type="stmt"/>
          <line num="37" count="1" type="stmt"/>
          <line num="39" count="1" type="stmt"/>
          <line num="40" count="1" type="stmt"/>
          <line num="41" count="2" type="stmt"/>
          <line num="42" count="2" type="stmt"/>
          <line num="43" count="1" type="stmt"/>
          <line num="45" count="1" type="stmt"/>
          <line num="46" count="2" type="stmt"/>
          <line num="48" count="2" type="stmt"/>
          <line num="49" count="2" type="stmt"/>
          <line num="50" count="6" type="stmt"/>
          <line num="51" count="6" type="stmt"/>
          <line num="56" count="6" type="stmt"/>
          <line num="58" count="6" type="stmt"/>
          <line num="61" count="2" type="stmt"/>
          <line num="62" count="8" type="stmt"/>
          <line num="65" count="2" type="stmt"/>
          <line num="70" count="1" type="stmt"/>
          <line num="75" count="1" type="stmt"/>
          <line num="86" count="1" type="stmt"/>
          <line num="89" count="1" type="stmt"/>
          <line num="90" count="2" type="stmt"/>
          <line num="91" count="2" type="stmt"/>
          <line num="92" count="2" type="stmt"/>
          <line num="94" count="2" type="stmt"/>
          <line num="96" count="2" type="stmt"/>
          <line num="97" count="4" type="stmt"/>
          <line num="99" count="4" type="cond" truecount="2" falsecount="0"/>
          <line num="100" count="3" type="stmt"/>
          <line num="101" count="3" type="stmt"/>
          <line num="105" count="4" type="cond" truecount="1" falsecount="1"/>
          <line num="106" count="0" type="stmt"/>
          <line num="107" count="0" type="stmt"/>
          <line num="111" count="4" type="stmt"/>
          <line num="114" count="2" type="stmt"/>
          <line num="116" count="2" type="stmt"/>
          <line num="117" count="3" type="stmt"/>
          <line num="118" count="2" type="stmt"/>
          <line num="121" count="1" type="stmt"/>
          <line num="122" count="2" type="stmt"/>
          <line num="124" count="2" type="stmt"/>
          <line num="125" count="3" type="stmt"/>
          <line num="127" count="3" type="cond" truecount="1" falsecount="1"/>
          <line num="128" count="3" type="stmt"/>
          <line num="131" count="0" type="stmt"/>
          <line num="136" count="2" type="stmt"/>
          <line num="140" count="1" type="stmt"/>
          <line num="141" count="5" type="cond" truecount="3" falsecount="1"/>
          <line num="142" count="0" type="stmt"/>
          <line num="145" count="5" type="stmt"/>
          <line num="146" count="5" type="stmt"/>
          <line num="148" count="5" type="stmt"/>
          <line num="150" count="5" type="cond" truecount="2" falsecount="0"/>
          <line num="151" count="1" type="cond" truecount="1" falsecount="1"/>
          <line num="152" count="0" type="stmt"/>
          <line num="155" count="1" type="stmt"/>
          <line num="159" count="5" type="stmt"/>
          <line num="161" count="5" type="stmt"/>
        </file>
      </package>
      <package name="utils">
        <metrics statements="21" coveredstatements="15" conditionals="14" coveredconditionals="4" methods="7" coveredmethods="5"/>
        <file name="date.ts" path="/Users/afedyk/Development/rollbooking/rollbooking.com/src/utils/date.ts">
          <metrics statements="17" coveredstatements="11" conditionals="8" coveredconditionals="1" methods="6" coveredmethods="4"/>
          <line num="6" count="2" type="cond" truecount="0" falsecount="1"/>
          <line num="7" count="4" type="stmt"/>
          <line num="9" count="4" type="stmt"/>
          <line num="17" count="2" type="stmt"/>
          <line num="18" count="0" type="stmt"/>
          <line num="20" count="0" type="stmt"/>
          <line num="23" count="2" type="stmt"/>
          <line num="24" count="0" type="cond" truecount="0" falsecount="2"/>
          <line num="26" count="0" type="cond" truecount="0" falsecount="4"/>
          <line num="27" count="0" type="stmt"/>
          <line num="30" count="0" type="stmt"/>
          <line num="33" count="2" type="stmt"/>
          <line num="34" count="1" type="stmt"/>
          <line num="37" count="2" type="stmt"/>
          <line num="38" count="1" type="stmt"/>
          <line num="42" count="5" type="stmt"/>
          <line num="44" count="5" type="stmt"/>
        </file>
        <file name="get-service-reservation-url.ts" path="/Users/afedyk/Development/rollbooking/rollbooking.com/src/utils/get-service-reservation-url.ts">
          <metrics statements="4" coveredstatements="4" conditionals="6" coveredconditionals="3" methods="1" coveredmethods="1"/>
          <line num="1" count="1" type="stmt"/>
          <line num="3" count="1" type="stmt"/>
          <line num="9" count="1" type="stmt"/>
          <line num="15" count="1" type="stmt"/>
        </file>
      </package>
      <package name="views.booking">
        <metrics statements="4" coveredstatements="3" conditionals="0" coveredconditionals="0" methods="2" coveredmethods="0"/>
        <file name="checkout.ts" path="/Users/afedyk/Development/rollbooking/rollbooking.com/src/views/booking/checkout.ts">
          <metrics statements="3" coveredstatements="2" conditionals="0" coveredconditionals="0" methods="1" coveredmethods="0"/>
          <line num="1" count="1" type="stmt"/>
          <line num="10" count="1" type="stmt"/>
          <line num="11" count="0" type="stmt"/>
        </file>
        <file name="layout.ts" path="/Users/afedyk/Development/rollbooking/rollbooking.com/src/views/booking/layout.ts">
          <metrics statements="1" coveredstatements="1" conditionals="0" coveredconditionals="0" methods="1" coveredmethods="0"/>
          <line num="6" count="1" type="stmt"/>
        </file>
      </package>
    </metrics>
  </project>
</coverage>
