{"/Users/afedyk/Development/rollbooking/rollbooking.com/src/controllers/booking/checkout.ts": {"path":"/Users/afedyk/Development/rollbooking/rollbooking.com/src/controllers/booking/checkout.ts","statementMap":{"0":{"start":{"line":1,"column":0},"end":{"line":1,"column":37}},"1":{"start":{"line":3,"column":0},"end":{"line":3,"column":71}},"2":{"start":{"line":4,"column":0},"end":{"line":4,"column":65}},"3":{"start":{"line":9,"column":0},"end":{"line":9,"column":44}},"4":{"start":{"line":17,"column":0},"end":{"line":17,"column":51}},"5":{"start":{"line":19,"column":0},"end":{"line":19,"column":50}},"6":{"start":{"line":22,"column":18},"end":{"line":22,"column":46}},"7":{"start":{"line":23,"column":17},"end":{"line":23,"column":45}},"8":{"start":{"line":24,"column":19},"end":{"line":24,"column":34}},"9":{"start":{"line":26,"column":16},"end":{"line":26,"column":53}},"10":{"start":{"line":39,"column":2},"end":{"line":39,"column":21}},"11":{"start":{"line":41,"column":2},"end":{"line":49,"column":4}},"12":{"start":{"line":21,"column":0},"end":{"line":50,"column":1}},"13":{"start":{"line":57,"column":22},"end":{"line":57,"column":57}},"14":{"start":{"line":58,"column":23},"end":{"line":58,"column":59}},"15":{"start":{"line":59,"column":18},"end":{"line":59,"column":48}},"16":{"start":{"line":60,"column":18},"end":{"line":60,"column":48}},"17":{"start":{"line":61,"column":13},"end":{"line":61,"column":17}},"18":{"start":{"line":63,"column":2},"end":{"line":71,"column":3}},"19":{"start":{"line":64,"column":20},"end":{"line":64,"column":37}},"20":{"start":{"line":66,"column":4},"end":{"line":70,"column":5}},"21":{"start":{"line":67,"column":19},"end":{"line":67,"column":41}},"22":{"start":{"line":69,"column":6},"end":{"line":69,"column":43}},"23":{"start":{"line":73,"column":2},"end":{"line":77,"column":3}},"24":{"start":{"line":52,"column":0},"end":{"line":78,"column":1}}},"fnMap":{"0":{"name":"checkout","decl":{"start":{"line":21,"column":22},"end":{"line":21,"column":30}},"loc":{"start":{"line":21,"column":43},"end":{"line":50,"column":1}}},"1":{"name":"parseRequestQuery","decl":{"start":{"line":52,"column":16},"end":{"line":52,"column":33}},"loc":{"start":{"line":52,"column":44},"end":{"line":78,"column":1}}}},"branchMap":{"0":{"loc":{"start":{"line":47,"column":12},"end":{"line":47,"column":23}},"type":"binary-expr","locations":[{"start":{"line":47,"column":12},"end":{"line":47,"column":23}},{"start":{"line":47,"column":27},"end":{"line":47,"column":52}}]},"1":{"loc":{"start":{"line":57,"column":22},"end":{"line":57,"column":27}},"type":"binary-expr","locations":[{"start":{"line":57,"column":22},"end":{"line":57,"column":27}},{"start":{"line":57,"column":31},"end":{"line":57,"column":46}},{"start":{"line":57,"column":50},"end":{"line":57,"column":57}}]},"2":{"loc":{"start":{"line":58,"column":23},"end":{"line":58,"column":28}},"type":"binary-expr","locations":[{"start":{"line":58,"column":23},"end":{"line":58,"column":28}},{"start":{"line":58,"column":32},"end":{"line":58,"column":48}},{"start":{"line":58,"column":52},"end":{"line":58,"column":59}}]},"3":{"loc":{"start":{"line":59,"column":18},"end":{"line":59,"column":23}},"type":"binary-expr","locations":[{"start":{"line":59,"column":18},"end":{"line":59,"column":23}},{"start":{"line":59,"column":27},"end":{"line":59,"column":37}},{"start":{"line":59,"column":41},"end":{"line":59,"column":48}}]},"4":{"loc":{"start":{"line":60,"column":18},"end":{"line":60,"column":23}},"type":"binary-expr","locations":[{"start":{"line":60,"column":18},"end":{"line":60,"column":23}},{"start":{"line":60,"column":27},"end":{"line":60,"column":37}},{"start":{"line":60,"column":41},"end":{"line":60,"column":48}}]},"5":{"loc":{"start":{"line":63,"column":2},"end":{"line":71,"column":3}},"type":"if","locations":[{"start":{"line":63,"column":2},"end":{"line":71,"column":3}},{"start":{"line":63,"column":2},"end":{"line":71,"column":3}}]},"6":{"loc":{"start":{"line":63,"column":6},"end":{"line":63,"column":13}},"type":"binary-expr","locations":[{"start":{"line":63,"column":6},"end":{"line":63,"column":13}},{"start":{"line":63,"column":17},"end":{"line":63,"column":24}}]},"7":{"loc":{"start":{"line":66,"column":4},"end":{"line":70,"column":5}},"type":"if","locations":[{"start":{"line":66,"column":4},"end":{"line":70,"column":5}},{"start":{"line":66,"column":4},"end":{"line":70,"column":5}}]},"8":{"loc":{"start":{"line":74,"column":59},"end":{"line":74,"column":63}},"type":"cond-expr","locations":[{"start":{"line":74,"column":59},"end":{"line":74,"column":63}},{"start":{"line":74,"column":66},"end":{"line":74,"column":70}}]},"9":{"loc":{"start":{"line":74,"column":10},"end":{"line":74,"column":30}},"type":"binary-expr","locations":[{"start":{"line":74,"column":10},"end":{"line":74,"column":30}},{"start":{"line":74,"column":34},"end":{"line":74,"column":56}}]},"10":{"loc":{"start":{"line":75,"column":14},"end":{"line":75,"column":35}},"type":"binary-expr","locations":[{"start":{"line":75,"column":14},"end":{"line":75,"column":35}},{"start":{"line":75,"column":39},"end":{"line":75,"column":43}}]},"11":{"loc":{"start":{"line":76,"column":15},"end":{"line":76,"column":37}},"type":"binary-expr","locations":[{"start":{"line":76,"column":15},"end":{"line":76,"column":37}},{"start":{"line":76,"column":41},"end":{"line":76,"column":45}}]}},"s":{"0":1,"1":1,"2":1,"3":1,"4":1,"5":1,"6":0,"7":0,"8":0,"9":0,"10":0,"11":0,"12":1,"13":3,"14":3,"15":3,"16":3,"17":3,"18":3,"19":2,"20":2,"21":1,"22":1,"23":3,"24":1},"f":{"0":0,"1":3},"b":{"0":[0,0],"1":[3,3,3],"2":[3,3,3],"3":[3,3,3],"4":[3,3,3],"5":[2,1],"6":[3,2],"7":[1,1],"8":[1,2],"9":[3,1],"10":[3,2],"11":[3,2]}}
,"/Users/afedyk/Development/rollbooking/rollbooking.com/src/helpers/date.ts": {"path":"/Users/afedyk/Development/rollbooking/rollbooking.com/src/helpers/date.ts","statementMap":{"0":{"start":{"line":2,"column":16},"end":{"line":2,"column":65}},"1":{"start":{"line":3,"column":18},"end":{"line":3,"column":57}},"2":{"start":{"line":5,"column":2},"end":{"line":5,"column":31}},"3":{"start":{"line":1,"column":0},"end":{"line":6,"column":1}},"4":{"start":{"line":10,"column":15},"end":{"line":10,"column":33}},"5":{"start":{"line":11,"column":16},"end":{"line":11,"column":65}},"6":{"start":{"line":12,"column":14},"end":{"line":12,"column":56}},"7":{"start":{"line":14,"column":2},"end":{"line":14,"column":35}},"8":{"start":{"line":9,"column":0},"end":{"line":15,"column":1}}},"fnMap":{"0":{"name":"minutesToTime","decl":{"start":{"line":1,"column":16},"end":{"line":1,"column":29}},"loc":{"start":{"line":1,"column":42},"end":{"line":6,"column":1}}},"1":{"name":"dateToISODate","decl":{"start":{"line":9,"column":16},"end":{"line":9,"column":29}},"loc":{"start":{"line":9,"column":40},"end":{"line":15,"column":1}}}},"branchMap":{},"s":{"0":17,"1":17,"2":17,"3":3,"4":12,"5":12,"6":12,"7":12,"8":3},"f":{"0":17,"1":12},"b":{}}
,"/Users/afedyk/Development/rollbooking/rollbooking.com/src/helpers/form.ts": {"path":"/Users/afedyk/Development/rollbooking/rollbooking.com/src/helpers/form.ts","statementMap":{"0":{"start":{"line":1,"column":0},"end":{"line":1,"column":49}},"1":{"start":{"line":2,"column":0},"end":{"line":2,"column":30}},"2":{"start":{"line":11,"column":2},"end":{"line":13,"column":5}},"3":{"start":{"line":15,"column":22},"end":{"line":25,"column":4}},"4":{"start":{"line":16,"column":18},"end":{"line":16,"column":45}},"5":{"start":{"line":17,"column":23},"end":{"line":17,"column":41}},"6":{"start":{"line":18,"column":23},"end":{"line":22,"column":5}},"7":{"start":{"line":24,"column":4},"end":{"line":24,"column":66}},"8":{"start":{"line":27,"column":2},"end":{"line":27,"column":63}},"9":{"start":{"line":10,"column":0},"end":{"line":28,"column":1}}},"fnMap":{"0":{"name":"select","decl":{"start":{"line":10,"column":16},"end":{"line":10,"column":22}},"loc":{"start":{"line":10,"column":96},"end":{"line":28,"column":1}}},"1":{"name":"(anonymous_1)","decl":{"start":{"line":15,"column":45},"end":{"line":15,"column":46}},"loc":{"start":{"line":15,"column":56},"end":{"line":25,"column":3}}}},"branchMap":{"0":{"loc":{"start":{"line":16,"column":18},"end":{"line":16,"column":30}},"type":"binary-expr","locations":[{"start":{"line":16,"column":18},"end":{"line":16,"column":30}},{"start":{"line":16,"column":34},"end":{"line":16,"column":45}}]}},"s":{"0":1,"1":1,"2":1,"3":1,"4":1,"5":1,"6":1,"7":1,"8":1,"9":1},"f":{"0":1,"1":1},"b":{"0":[1,0]}}
,"/Users/afedyk/Development/rollbooking/rollbooking.com/src/helpers/html.ts": {"path":"/Users/afedyk/Development/rollbooking/rollbooking.com/src/helpers/html.ts","statementMap":{"0":{"start":{"line":5,"column":23},"end":{"line":5,"column":54}},"1":{"start":{"line":19,"column":2},"end":{"line":25,"column":3}},"2":{"start":{"line":20,"column":16},"end":{"line":20,"column":20}},"3":{"start":{"line":21,"column":4},"end":{"line":23,"column":5}},"4":{"start":{"line":22,"column":6},"end":{"line":22,"column":33}},"5":{"start":{"line":24,"column":4},"end":{"line":24,"column":17}},"6":{"start":{"line":29,"column":2},"end":{"line":42,"column":3}},"7":{"start":{"line":30,"column":4},"end":{"line":41,"column":5}},"8":{"start":{"line":31,"column":6},"end":{"line":31,"column":26}},"9":{"start":{"line":32,"column":6},"end":{"line":32,"column":74}},"10":{"start":{"line":33,"column":11},"end":{"line":41,"column":5}},"11":{"start":{"line":34,"column":6},"end":{"line":34,"column":27}},"12":{"start":{"line":35,"column":6},"end":{"line":35,"column":71}},"13":{"start":{"line":36,"column":6},"end":{"line":36,"column":27}},"14":{"start":{"line":37,"column":6},"end":{"line":37,"column":71}},"15":{"start":{"line":38,"column":6},"end":{"line":38,"column":27}},"16":{"start":{"line":40,"column":6},"end":{"line":40,"column":22}},"17":{"start":{"line":44,"column":2},"end":{"line":44,"column":11}},"18":{"start":{"line":18,"column":0},"end":{"line":45,"column":1}},"19":{"start":{"line":66,"column":20},"end":{"line":66,"column":22}},"20":{"start":{"line":66,"column":45},"end":{"line":66,"column":47}},"21":{"start":{"line":66,"column":65},"end":{"line":66,"column":88}},"22":{"start":{"line":67,"column":2},"end":{"line":73,"column":3}},"23":{"start":{"line":68,"column":4},"end":{"line":68,"column":32}},"24":{"start":{"line":69,"column":4},"end":{"line":69,"column":29}},"25":{"start":{"line":69,"column":20},"end":{"line":69,"column":29}},"26":{"start":{"line":70,"column":4},"end":{"line":70,"column":68}},"27":{"start":{"line":71,"column":4},"end":{"line":71,"column":52}},"28":{"start":{"line":72,"column":4},"end":{"line":72,"column":18}},"29":{"start":{"line":74,"column":2},"end":{"line":74,"column":21}},"30":{"start":{"line":78,"column":20},"end":{"line":78,"column":22}},"31":{"start":{"line":78,"column":34},"end":{"line":78,"column":36}},"32":{"start":{"line":79,"column":2},"end":{"line":84,"column":3}},"33":{"start":{"line":80,"column":4},"end":{"line":83,"column":5}},"34":{"start":{"line":81,"column":6},"end":{"line":81,"column":48}},"35":{"start":{"line":82,"column":6},"end":{"line":82,"column":20}},"36":{"start":{"line":85,"column":2},"end":{"line":85,"column":21}},"37":{"start":{"line":89,"column":2},"end":{"line":95,"column":3}},"38":{"start":{"line":90,"column":4},"end":{"line":90,"column":40}},"39":{"start":{"line":91,"column":9},"end":{"line":95,"column":3}},"40":{"start":{"line":92,"column":4},"end":{"line":92,"column":31}},"41":{"start":{"line":94,"column":4},"end":{"line":94,"column":21}},"42":{"start":{"line":88,"column":0},"end":{"line":96,"column":1}},"43":{"start":{"line":107,"column":2},"end":{"line":107,"column":22}},"44":{"start":{"line":107,"column":12},"end":{"line":107,"column":22}},"45":{"start":{"line":108,"column":2},"end":{"line":119,"column":3}},"46":{"start":{"line":109,"column":14},"end":{"line":109,"column":16}},"47":{"start":{"line":110,"column":4},"end":{"line":115,"column":5}},"48":{"start":{"line":112,"column":6},"end":{"line":114,"column":7}},"49":{"start":{"line":113,"column":8},"end":{"line":113,"column":51}},"50":{"start":{"line":116,"column":4},"end":{"line":116,"column":15}},"51":{"start":{"line":118,"column":4},"end":{"line":118,"column":20}},"52":{"start":{"line":106,"column":0},"end":{"line":120,"column":1}},"53":{"start":{"line":133,"column":2},"end":{"line":135,"column":3}},"54":{"start":{"line":134,"column":4},"end":{"line":134,"column":14}},"55":{"start":{"line":136,"column":2},"end":{"line":138,"column":3}},"56":{"start":{"line":137,"column":4},"end":{"line":137,"column":56}},"57":{"start":{"line":139,"column":13},"end":{"line":139,"column":23}},"58":{"start":{"line":140,"column":2},"end":{"line":142,"column":3}},"59":{"start":{"line":141,"column":4},"end":{"line":141,"column":23}},"60":{"start":{"line":143,"column":2},"end":{"line":148,"column":3}},"61":{"start":{"line":144,"column":4},"end":{"line":144,"column":30}},"62":{"start":{"line":145,"column":4},"end":{"line":147,"column":5}},"63":{"start":{"line":146,"column":6},"end":{"line":146,"column":67}},"64":{"start":{"line":149,"column":2},"end":{"line":149,"column":33}},"65":{"start":{"line":149,"column":15},"end":{"line":149,"column":33}},"66":{"start":{"line":150,"column":2},"end":{"line":150,"column":38}},"67":{"start":{"line":162,"column":14},"end":{"line":162,"column":16}},"68":{"start":{"line":164,"column":2},"end":{"line":178,"column":3}},"69":{"start":{"line":165,"column":4},"end":{"line":177,"column":5}},"70":{"start":{"line":166,"column":16},"end":{"line":166,"column":24}},"71":{"start":{"line":168,"column":6},"end":{"line":172,"column":7}},"72":{"start":{"line":169,"column":8},"end":{"line":169,"column":27}},"73":{"start":{"line":170,"column":8},"end":{"line":170,"column":53}},"74":{"start":{"line":171,"column":8},"end":{"line":171,"column":17}},"75":{"start":{"line":173,"column":6},"end":{"line":175,"column":7}},"76":{"start":{"line":174,"column":8},"end":{"line":174,"column":25}},"77":{"start":{"line":176,"column":6},"end":{"line":176,"column":44}},"78":{"start":{"line":180,"column":2},"end":{"line":180,"column":22}},"79":{"start":{"line":161,"column":0},"end":{"line":181,"column":1}},"80":{"start":{"line":191,"column":17},"end":{"line":191,"column":25}},"81":{"start":{"line":193,"column":13},"end":{"line":193,"column":23}},"82":{"start":{"line":194,"column":20},"end":{"line":194,"column":41}},"83":{"start":{"line":195,"column":2},"end":{"line":195,"column":33}},"84":{"start":{"line":195,"column":20},"end":{"line":195,"column":33}},"85":{"start":{"line":197,"column":15},"end":{"line":197,"column":17}},"86":{"start":{"line":199,"column":2},"end":{"line":210,"column":3}},"87":{"start":{"line":200,"column":4},"end":{"line":206,"column":5}},"88":{"start":{"line":201,"column":15},"end":{"line":201,"column":33}},"89":{"start":{"line":201,"column":34},"end":{"line":201,"column":40}},"90":{"start":{"line":202,"column":15},"end":{"line":202,"column":32}},"91":{"start":{"line":202,"column":33},"end":{"line":202,"column":39}},"92":{"start":{"line":203,"column":15},"end":{"line":203,"column":31}},"93":{"start":{"line":203,"column":32},"end":{"line":203,"column":38}},"94":{"start":{"line":204,"column":15},"end":{"line":204,"column":31}},"95":{"start":{"line":204,"column":32},"end":{"line":204,"column":38}},"96":{"start":{"line":205,"column":15},"end":{"line":205,"column":24}},"97":{"start":{"line":207,"column":4},"end":{"line":207,"column":64}},"98":{"start":{"line":207,"column":25},"end":{"line":207,"column":64}},"99":{"start":{"line":208,"column":4},"end":{"line":208,"column":22}},"100":{"start":{"line":209,"column":4},"end":{"line":209,"column":21}},"101":{"start":{"line":211,"column":2},"end":{"line":212,"column":21}},"102":{"start":{"line":211,"column":23},"end":{"line":211,"column":68}},"103":{"start":{"line":212,"column":7},"end":{"line":212,"column":21}},"104":{"start":{"line":192,"column":0},"end":{"line":213,"column":1}}},"fnMap":{"0":{"name":"merge","decl":{"start":{"line":18,"column":16},"end":{"line":18,"column":21}},"loc":{"start":{"line":18,"column":60},"end":{"line":45,"column":1}}},"1":{"name":"classes_array","decl":{"start":{"line":65,"column":9},"end":{"line":65,"column":22}},"loc":{"start":{"line":65,"column":43},"end":{"line":75,"column":1}}},"2":{"name":"classes_object","decl":{"start":{"line":77,"column":9},"end":{"line":77,"column":23}},"loc":{"start":{"line":77,"column":35},"end":{"line":86,"column":1}}},"3":{"name":"classes","decl":{"start":{"line":88,"column":16},"end":{"line":88,"column":23}},"loc":{"start":{"line":88,"column":100},"end":{"line":96,"column":1}}},"4":{"name":"style","decl":{"start":{"line":106,"column":16},"end":{"line":106,"column":21}},"loc":{"start":{"line":106,"column":25},"end":{"line":120,"column":1}}},"5":{"name":"attr","decl":{"start":{"line":132,"column":9},"end":{"line":132,"column":13}},"loc":{"start":{"line":132,"column":54},"end":{"line":151,"column":1}}},"6":{"name":"attrs","decl":{"start":{"line":161,"column":16},"end":{"line":161,"column":21}},"loc":{"start":{"line":161,"column":48},"end":{"line":181,"column":1}}},"7":{"name":"escape","decl":{"start":{"line":192,"column":16},"end":{"line":192,"column":22}},"loc":{"start":{"line":192,"column":28},"end":{"line":213,"column":1}}}},"branchMap":{"0":{"loc":{"start":{"line":18,"column":56},"end":{"line":18,"column":60}},"type":"default-arg","locations":[{"start":{"line":18,"column":56},"end":{"line":18,"column":60}}]},"1":{"loc":{"start":{"line":19,"column":2},"end":{"line":25,"column":3}},"type":"if","locations":[{"start":{"line":19,"column":2},"end":{"line":25,"column":3}},{"start":{"line":19,"column":2},"end":{"line":25,"column":3}}]},"2":{"loc":{"start":{"line":30,"column":4},"end":{"line":41,"column":5}},"type":"if","locations":[{"start":{"line":30,"column":4},"end":{"line":41,"column":5}},{"start":{"line":30,"column":4},"end":{"line":41,"column":5}}]},"3":{"loc":{"start":{"line":31,"column":13},"end":{"line":31,"column":19}},"type":"binary-expr","locations":[{"start":{"line":31,"column":13},"end":{"line":31,"column":19}},{"start":{"line":31,"column":23},"end":{"line":31,"column":25}}]},"4":{"loc":{"start":{"line":32,"column":38},"end":{"line":32,"column":42}},"type":"cond-expr","locations":[{"start":{"line":32,"column":38},"end":{"line":32,"column":42}},{"start":{"line":32,"column":45},"end":{"line":32,"column":51}}]},"5":{"loc":{"start":{"line":32,"column":60},"end":{"line":32,"column":66}},"type":"binary-expr","locations":[{"start":{"line":32,"column":60},"end":{"line":32,"column":66}},{"start":{"line":32,"column":70},"end":{"line":32,"column":72}}]},"6":{"loc":{"start":{"line":33,"column":11},"end":{"line":41,"column":5}},"type":"if","locations":[{"start":{"line":33,"column":11},"end":{"line":41,"column":5}},{"start":{"line":33,"column":11},"end":{"line":41,"column":5}}]},"7":{"loc":{"start":{"line":35,"column":53},"end":{"line":35,"column":63}},"type":"cond-expr","locations":[{"start":{"line":35,"column":53},"end":{"line":35,"column":63}},{"start":{"line":35,"column":66},"end":{"line":35,"column":70}}]},"8":{"loc":{"start":{"line":35,"column":13},"end":{"line":35,"column":17}},"type":"binary-expr","locations":[{"start":{"line":35,"column":13},"end":{"line":35,"column":17}},{"start":{"line":35,"column":21},"end":{"line":35,"column":50}}]},"9":{"loc":{"start":{"line":37,"column":53},"end":{"line":37,"column":63}},"type":"cond-expr","locations":[{"start":{"line":37,"column":53},"end":{"line":37,"column":63}},{"start":{"line":37,"column":66},"end":{"line":37,"column":70}}]},"10":{"loc":{"start":{"line":37,"column":13},"end":{"line":37,"column":17}},"type":"binary-expr","locations":[{"start":{"line":37,"column":13},"end":{"line":37,"column":17}},{"start":{"line":37,"column":21},"end":{"line":37,"column":50}}]},"11":{"loc":{"start":{"line":69,"column":4},"end":{"line":69,"column":29}},"type":"if","locations":[{"start":{"line":69,"column":4},"end":{"line":69,"column":29}},{"start":{"line":69,"column":4},"end":{"line":69,"column":29}}]},"12":{"loc":{"start":{"line":70,"column":4},"end":{"line":70,"column":17}},"type":"binary-expr","locations":[{"start":{"line":70,"column":4},"end":{"line":70,"column":17}},{"start":{"line":70,"column":21},"end":{"line":70,"column":32}},{"start":{"line":70,"column":37},"end":{"line":70,"column":66}}]},"13":{"loc":{"start":{"line":80,"column":4},"end":{"line":83,"column":5}},"type":"if","locations":[{"start":{"line":80,"column":4},"end":{"line":83,"column":5}},{"start":{"line":80,"column":4},"end":{"line":83,"column":5}}]},"14":{"loc":{"start":{"line":80,"column":8},"end":{"line":80,"column":11}},"type":"binary-expr","locations":[{"start":{"line":80,"column":8},"end":{"line":80,"column":11}},{"start":{"line":80,"column":15},"end":{"line":80,"column":23}},{"start":{"line":80,"column":27},"end":{"line":80,"column":58}}]},"15":{"loc":{"start":{"line":88,"column":95},"end":{"line":88,"column":100}},"type":"default-arg","locations":[{"start":{"line":88,"column":95},"end":{"line":88,"column":100}}]},"16":{"loc":{"start":{"line":89,"column":2},"end":{"line":95,"column":3}},"type":"if","locations":[{"start":{"line":89,"column":2},"end":{"line":95,"column":3}},{"start":{"line":89,"column":2},"end":{"line":95,"column":3}}]},"17":{"loc":{"start":{"line":91,"column":9},"end":{"line":95,"column":3}},"type":"if","locations":[{"start":{"line":91,"column":9},"end":{"line":95,"column":3}},{"start":{"line":91,"column":9},"end":{"line":95,"column":3}}]},"18":{"loc":{"start":{"line":91,"column":13},"end":{"line":91,"column":16}},"type":"binary-expr","locations":[{"start":{"line":91,"column":13},"end":{"line":91,"column":16}},{"start":{"line":91,"column":20},"end":{"line":91,"column":43}}]},"19":{"loc":{"start":{"line":94,"column":11},"end":{"line":94,"column":14}},"type":"binary-expr","locations":[{"start":{"line":94,"column":11},"end":{"line":94,"column":14}},{"start":{"line":94,"column":18},"end":{"line":94,"column":20}}]},"20":{"loc":{"start":{"line":107,"column":2},"end":{"line":107,"column":22}},"type":"if","locations":[{"start":{"line":107,"column":2},"end":{"line":107,"column":22}},{"start":{"line":107,"column":2},"end":{"line":107,"column":22}}]},"21":{"loc":{"start":{"line":108,"column":2},"end":{"line":119,"column":3}},"type":"if","locations":[{"start":{"line":108,"column":2},"end":{"line":119,"column":3}},{"start":{"line":108,"column":2},"end":{"line":119,"column":3}}]},"22":{"loc":{"start":{"line":112,"column":6},"end":{"line":114,"column":7}},"type":"if","locations":[{"start":{"line":112,"column":6},"end":{"line":114,"column":7}}]},"23":{"loc":{"start":{"line":132,"column":34},"end":{"line":132,"column":39}},"type":"default-arg","locations":[{"start":{"line":132,"column":34},"end":{"line":132,"column":39}}]},"24":{"loc":{"start":{"line":132,"column":49},"end":{"line":132,"column":54}},"type":"default-arg","locations":[{"start":{"line":132,"column":49},"end":{"line":132,"column":54}}]},"25":{"loc":{"start":{"line":133,"column":2},"end":{"line":135,"column":3}},"type":"if","locations":[{"start":{"line":133,"column":2},"end":{"line":135,"column":3}},{"start":{"line":133,"column":2},"end":{"line":135,"column":3}}]},"26":{"loc":{"start":{"line":133,"column":6},"end":{"line":133,"column":19}},"type":"binary-expr","locations":[{"start":{"line":133,"column":6},"end":{"line":133,"column":19}},{"start":{"line":133,"column":23},"end":{"line":133,"column":34}},{"start":{"line":133,"column":38},"end":{"line":133,"column":42}},{"start":{"line":133,"column":47},"end":{"line":133,"column":62}},{"start":{"line":133,"column":66},"end":{"line":133,"column":81}}]},"27":{"loc":{"start":{"line":136,"column":2},"end":{"line":138,"column":3}},"type":"if","locations":[{"start":{"line":136,"column":2},"end":{"line":138,"column":3}},{"start":{"line":136,"column":2},"end":{"line":138,"column":3}}]},"28":{"loc":{"start":{"line":137,"column":26},"end":{"line":137,"column":29}},"type":"cond-expr","locations":[{"start":{"line":137,"column":26},"end":{"line":137,"column":29}},{"start":{"line":137,"column":32},"end":{"line":137,"column":54}}]},"29":{"loc":{"start":{"line":140,"column":2},"end":{"line":142,"column":3}},"type":"if","locations":[{"start":{"line":140,"column":2},"end":{"line":142,"column":3}},{"start":{"line":140,"column":2},"end":{"line":142,"column":3}}]},"30":{"loc":{"start":{"line":140,"column":7},"end":{"line":140,"column":24}},"type":"binary-expr","locations":[{"start":{"line":140,"column":7},"end":{"line":140,"column":24}},{"start":{"line":140,"column":28},"end":{"line":140,"column":47}},{"start":{"line":140,"column":52},"end":{"line":140,"column":84}}]},"31":{"loc":{"start":{"line":143,"column":2},"end":{"line":148,"column":3}},"type":"if","locations":[{"start":{"line":143,"column":2},"end":{"line":148,"column":3}},{"start":{"line":143,"column":2},"end":{"line":148,"column":3}}]},"32":{"loc":{"start":{"line":145,"column":4},"end":{"line":147,"column":5}},"type":"if","locations":[{"start":{"line":145,"column":4},"end":{"line":147,"column":5}},{"start":{"line":145,"column":4},"end":{"line":147,"column":5}}]},"33":{"loc":{"start":{"line":145,"column":8},"end":{"line":145,"column":16}},"type":"binary-expr","locations":[{"start":{"line":145,"column":8},"end":{"line":145,"column":16}},{"start":{"line":145,"column":20},"end":{"line":145,"column":43}}]},"34":{"loc":{"start":{"line":149,"column":2},"end":{"line":149,"column":33}},"type":"if","locations":[{"start":{"line":149,"column":2},"end":{"line":149,"column":33}},{"start":{"line":149,"column":2},"end":{"line":149,"column":33}}]},"35":{"loc":{"start":{"line":161,"column":43},"end":{"line":161,"column":48}},"type":"default-arg","locations":[{"start":{"line":161,"column":43},"end":{"line":161,"column":48}}]},"36":{"loc":{"start":{"line":165,"column":4},"end":{"line":177,"column":5}},"type":"if","locations":[{"start":{"line":165,"column":4},"end":{"line":177,"column":5}},{"start":{"line":165,"column":4},"end":{"line":177,"column":5}}]},"37":{"loc":{"start":{"line":168,"column":6},"end":{"line":172,"column":7}},"type":"if","locations":[{"start":{"line":168,"column":6},"end":{"line":172,"column":7}},{"start":{"line":168,"column":6},"end":{"line":172,"column":7}}]},"38":{"loc":{"start":{"line":173,"column":6},"end":{"line":175,"column":7}},"type":"if","locations":[{"start":{"line":173,"column":6},"end":{"line":175,"column":7}},{"start":{"line":173,"column":6},"end":{"line":175,"column":7}}]},"39":{"loc":{"start":{"line":195,"column":2},"end":{"line":195,"column":33}},"type":"if","locations":[{"start":{"line":195,"column":2},"end":{"line":195,"column":33}},{"start":{"line":195,"column":2},"end":{"line":195,"column":33}}]},"40":{"loc":{"start":{"line":201,"column":6},"end":{"line":201,"column":40}},"type":"switch","locations":[{"start":{"line":201,"column":6},"end":{"line":201,"column":40}},{"start":{"line":202,"column":6},"end":{"line":202,"column":39}},{"start":{"line":203,"column":6},"end":{"line":203,"column":38}},{"start":{"line":204,"column":6},"end":{"line":204,"column":38}},{"start":{"line":205,"column":6},"end":{"line":205,"column":24}}]},"41":{"loc":{"start":{"line":207,"column":4},"end":{"line":207,"column":64}},"type":"if","locations":[{"start":{"line":207,"column":4},"end":{"line":207,"column":64}},{"start":{"line":207,"column":4},"end":{"line":207,"column":64}}]},"42":{"loc":{"start":{"line":211,"column":2},"end":{"line":212,"column":21}},"type":"if","locations":[{"start":{"line":211,"column":2},"end":{"line":212,"column":21}},{"start":{"line":211,"column":2},"end":{"line":212,"column":21}}]}},"s":{"0":3,"1":0,"2":0,"3":0,"4":0,"5":0,"6":0,"7":0,"8":0,"9":0,"10":0,"11":0,"12":0,"13":0,"14":0,"15":0,"16":0,"17":0,"18":3,"19":1,"20":1,"21":1,"22":1,"23":2,"24":2,"25":0,"26":2,"27":2,"28":2,"29":1,"30":1,"31":1,"32":1,"33":3,"34":2,"35":2,"36":1,"37":7,"38":1,"39":6,"40":1,"41":5,"42":3,"43":0,"44":0,"45":0,"46":0,"47":0,"48":0,"49":0,"50":0,"51":0,"52":3,"53":8,"54":1,"55":7,"56":1,"57":6,"58":6,"59":0,"60":6,"61":1,"62":1,"63":0,"64":6,"65":0,"66":6,"67":4,"68":4,"69":8,"70":8,"71":8,"72":2,"73":2,"74":2,"75":6,"76":0,"77":6,"78":4,"79":3,"80":3,"81":2,"82":2,"83":2,"84":1,"85":1,"86":1,"87":8,"88":0,"89":0,"90":0,"91":0,"92":1,"93":1,"94":1,"95":1,"96":6,"97":2,"98":2,"99":2,"100":2,"101":1,"102":0,"103":1,"104":3},"f":{"0":0,"1":1,"2":1,"3":7,"4":0,"5":8,"6":4,"7":2},"b":{"0":[0],"1":[0,0],"2":[0,0],"3":[0,0],"4":[0,0],"5":[0,0],"6":[0,0],"7":[0,0],"8":[0,0],"9":[0,0],"10":[0,0],"11":[0,2],"12":[2,0,0],"13":[2,1],"14":[3,3,2],"15":[7],"16":[1,6],"17":[1,5],"18":[6,6],"19":[5,0],"20":[0,0],"21":[0,0],"22":[0],"23":[0],"24":[0],"25":[1,7],"26":[8,7,7,0,0],"27":[1,6],"28":[0,1],"29":[0,6],"30":[6,6,0],"31":[1,5],"32":[0,1],"33":[1,1],"34":[0,6],"35":[4],"36":[8,0],"37":[2,6],"38":[0,6],"39":[1,1],"40":[0,0,1,1,6],"41":[2,0],"42":[0,1]}}
,"/Users/afedyk/Development/rollbooking/rollbooking.com/src/helpers/string-map-join.ts": {"path":"/Users/afedyk/Development/rollbooking/rollbooking.com/src/helpers/string-map-join.ts","statementMap":{"0":{"start":{"line":2,"column":15},"end":{"line":2,"column":17}},"1":{"start":{"line":3,"column":14},"end":{"line":3,"column":26}},"2":{"start":{"line":5,"column":2},"end":{"line":7,"column":3}},"3":{"start":{"line":6,"column":4},"end":{"line":6,"column":34}},"4":{"start":{"line":9,"column":2},"end":{"line":9,"column":16}},"5":{"start":{"line":1,"column":0},"end":{"line":10,"column":1}},"6":{"start":{"line":13,"column":0},"end":{"line":15,"column":2}},"7":{"start":{"line":14,"column":2},"end":{"line":14,"column":25}}},"fnMap":{"0":{"name":"stringMapJoin","decl":{"start":{"line":1,"column":16},"end":{"line":1,"column":29}},"loc":{"start":{"line":1,"column":84},"end":{"line":10,"column":1}}},"1":{"name":"(anonymous_1)","decl":{"start":{"line":13,"column":19},"end":{"line":13,"column":27}},"loc":{"start":{"line":13,"column":33},"end":{"line":15,"column":1}}}},"branchMap":{},"s":{"0":5,"1":5,"2":5,"3":5,"4":5,"5":2,"6":2,"7":2},"f":{"0":5,"1":2},"b":{}}
,"/Users/afedyk/Development/rollbooking/rollbooking.com/src/helpers/date/minutes-in-day.ts": {"path":"/Users/afedyk/Development/rollbooking/rollbooking.com/src/helpers/date/minutes-in-day.ts","statementMap":{"0":{"start":{"line":2,"column":2},"end":{"line":2,"column":72}},"1":{"start":{"line":1,"column":0},"end":{"line":3,"column":1}}},"fnMap":{"0":{"name":"minutesInDay","decl":{"start":{"line":1,"column":16},"end":{"line":1,"column":28}},"loc":{"start":{"line":1,"column":39},"end":{"line":3,"column":1}}}},"branchMap":{},"s":{"0":13,"1":2},"f":{"0":13},"b":{}}
,"/Users/afedyk/Development/rollbooking/rollbooking.com/src/helpers/date/native-date-to-date-object.ts": {"path":"/Users/afedyk/Development/rollbooking/rollbooking.com/src/helpers/date/native-date-to-date-object.ts","statementMap":{"0":{"start":{"line":4,"column":2},"end":{"line":8,"column":3}},"1":{"start":{"line":3,"column":0},"end":{"line":9,"column":1}}},"fnMap":{"0":{"name":"nativeDateToDateObject","decl":{"start":{"line":3,"column":16},"end":{"line":3,"column":38}},"loc":{"start":{"line":3,"column":49},"end":{"line":9,"column":1}}}},"branchMap":{},"s":{"0":4,"1":2},"f":{"0":4},"b":{}}
,"/Users/afedyk/Development/rollbooking/rollbooking.com/src/lib/database.ts": {"path":"/Users/afedyk/Development/rollbooking/rollbooking.com/src/lib/database.ts","statementMap":{"0":{"start":{"line":1,"column":0},"end":{"line":1,"column":25}},"1":{"start":{"line":3,"column":13},"end":{"line":6,"column":2}},"2":{"start":{"line":8,"column":0},"end":{"line":11,"column":2}},"3":{"start":{"line":9,"column":2},"end":{"line":9,"column":55}},"4":{"start":{"line":10,"column":2},"end":{"line":10,"column":18}},"5":{"start":{"line":18,"column":15},"end":{"line":18,"column":32}},"6":{"start":{"line":19,"column":17},"end":{"line":19,"column":36}},"7":{"start":{"line":20,"column":18},"end":{"line":20,"column":36}},"8":{"start":{"line":22,"column":2},"end":{"line":25,"column":3}},"9":{"start":{"line":23,"column":4},"end":{"line":23,"column":28}},"10":{"start":{"line":24,"column":4},"end":{"line":24,"column":30}},"11":{"start":{"line":27,"column":17},"end":{"line":27,"column":50}},"12":{"start":{"line":27,"column":36},"end":{"line":27,"column":49}},"13":{"start":{"line":29,"column":2},"end":{"line":33,"column":3}},"14":{"start":{"line":13,"column":0},"end":{"line":34,"column":1}},"15":{"start":{"line":37,"column":2},"end":{"line":37,"column":29}},"16":{"start":{"line":36,"column":0},"end":{"line":38,"column":1}}},"fnMap":{"0":{"name":"(anonymous_0)","decl":{"start":{"line":8,"column":17},"end":{"line":8,"column":18}},"loc":{"start":{"line":8,"column":25},"end":{"line":11,"column":1}}},"1":{"name":"extractQueryParams","decl":{"start":{"line":13,"column":16},"end":{"line":13,"column":34}},"loc":{"start":{"line":13,"column":50},"end":{"line":34,"column":1}}},"2":{"name":"(anonymous_2)","decl":{"start":{"line":27,"column":26},"end":{"line":27,"column":27}},"loc":{"start":{"line":27,"column":36},"end":{"line":27,"column":49}}},"3":{"name":"connect","decl":{"start":{"line":36,"column":22},"end":{"line":36,"column":29}},"loc":{"start":{"line":36,"column":29},"end":{"line":38,"column":1}}}},"branchMap":{"0":{"loc":{"start":{"line":22,"column":2},"end":{"line":25,"column":3}},"type":"if","locations":[{"start":{"line":22,"column":2},"end":{"line":25,"column":3}},{"start":{"line":22,"column":2},"end":{"line":25,"column":3}}]}},"s":{"0":2,"1":2,"2":2,"3":0,"4":0,"5":3,"6":3,"7":3,"8":3,"9":2,"10":2,"11":3,"12":4,"13":3,"14":2,"15":0,"16":2},"f":{"0":0,"1":3,"2":4,"3":0},"b":{"0":[2,1]}}
,"/Users/afedyk/Development/rollbooking/rollbooking.com/src/lib/date-range.ts": {"path":"/Users/afedyk/Development/rollbooking/rollbooking.com/src/lib/date-range.ts","statementMap":{"0":{"start":{"line":6,"column":4},"end":{"line":6,"column":38}},"1":{"start":{"line":7,"column":4},"end":{"line":7,"column":34}},"2":{"start":{"line":18,"column":4},"end":{"line":20,"column":5}},"3":{"start":{"line":19,"column":6},"end":{"line":19,"column":18}},"4":{"start":{"line":22,"column":18},"end":{"line":22,"column":112}},"5":{"start":{"line":23,"column":16},"end":{"line":23,"column":102}},"6":{"start":{"line":25,"column":4},"end":{"line":25,"column":37}},"7":{"start":{"line":29,"column":4},"end":{"line":31,"column":5}},"8":{"start":{"line":30,"column":6},"end":{"line":30,"column":15}},"9":{"start":{"line":34,"column":19},"end":{"line":34,"column":21}},"10":{"start":{"line":37,"column":19},"end":{"line":37,"column":91}},"11":{"start":{"line":37,"column":53},"end":{"line":37,"column":90}},"12":{"start":{"line":39,"column":4},"end":{"line":49,"column":6}},"13":{"start":{"line":40,"column":6},"end":{"line":48,"column":7}},"14":{"start":{"line":41,"column":8},"end":{"line":41,"column":26}},"15":{"start":{"line":44,"column":8},"end":{"line":47,"column":9}},"16":{"start":{"line":51,"column":4},"end":{"line":51,"column":18}},"17":{"start":{"line":56,"column":4},"end":{"line":58,"column":5}},"18":{"start":{"line":57,"column":6},"end":{"line":57,"column":17}},"19":{"start":{"line":60,"column":4},"end":{"line":62,"column":5}},"20":{"start":{"line":61,"column":6},"end":{"line":61,"column":17}},"21":{"start":{"line":64,"column":4},"end":{"line":66,"column":5}},"22":{"start":{"line":65,"column":6},"end":{"line":65,"column":17}},"23":{"start":{"line":68,"column":4},"end":{"line":68,"column":17}},"24":{"start":{"line":73,"column":4},"end":{"line":73,"column":66}},"25":{"start":{"line":77,"column":4},"end":{"line":91,"column":5}},"26":{"start":{"line":78,"column":19},"end":{"line":78,"column":33}},"27":{"start":{"line":80,"column":6},"end":{"line":88,"column":8}},"28":{"start":{"line":81,"column":18},"end":{"line":81,"column":20}},"29":{"start":{"line":83,"column":8},"end":{"line":85,"column":10}},"30":{"start":{"line":84,"column":10},"end":{"line":84,"column":40}},"31":{"start":{"line":87,"column":8},"end":{"line":87,"column":21}},"32":{"start":{"line":90,"column":6},"end":{"line":90,"column":20}},"33":{"start":{"line":93,"column":4},"end":{"line":95,"column":5}},"34":{"start":{"line":94,"column":6},"end":{"line":94,"column":27}},"35":{"start":{"line":97,"column":4},"end":{"line":102,"column":5}},"36":{"start":{"line":98,"column":6},"end":{"line":101,"column":7}},"37":{"start":{"line":104,"column":4},"end":{"line":106,"column":5}},"38":{"start":{"line":105,"column":6},"end":{"line":105,"column":15}},"39":{"start":{"line":108,"column":4},"end":{"line":112,"column":5}},"40":{"start":{"line":109,"column":6},"end":{"line":111,"column":7}},"41":{"start":{"line":114,"column":4},"end":{"line":118,"column":5}},"42":{"start":{"line":115,"column":6},"end":{"line":117,"column":7}},"43":{"start":{"line":120,"column":4},"end":{"line":120,"column":13}},"44":{"start":{"line":134,"column":20},"end":{"line":134,"column":22}},"45":{"start":{"line":135,"column":18},"end":{"line":135,"column":50}},"46":{"start":{"line":136,"column":18},"end":{"line":136,"column":48}},"47":{"start":{"line":138,"column":4},"end":{"line":142,"column":5}},"48":{"start":{"line":139,"column":6},"end":{"line":139,"column":27}},"49":{"start":{"line":140,"column":6},"end":{"line":140,"column":43}},"50":{"start":{"line":141,"column":6},"end":{"line":141,"column":37}},"51":{"start":{"line":144,"column":4},"end":{"line":146,"column":5}},"52":{"start":{"line":145,"column":6},"end":{"line":145,"column":48}},"53":{"start":{"line":148,"column":4},"end":{"line":148,"column":19}},"54":{"start":{"line":1,"column":0},"end":{"line":150,"column":1}},"55":{"start":{"line":153,"column":2},"end":{"line":155,"column":3}},"56":{"start":{"line":154,"column":4},"end":{"line":154,"column":19}},"57":{"start":{"line":157,"column":2},"end":{"line":159,"column":3}},"58":{"start":{"line":158,"column":4},"end":{"line":158,"column":29}},"59":{"start":{"line":161,"column":2},"end":{"line":161,"column":14}}},"fnMap":{"0":{"name":"(anonymous_0)","decl":{"start":{"line":5,"column":2},"end":{"line":5,"column":13}},"loc":{"start":{"line":5,"column":34},"end":{"line":8,"column":3}}},"1":{"name":"(anonymous_1)","decl":{"start":{"line":17,"column":2},"end":{"line":17,"column":7}},"loc":{"start":{"line":17,"column":66},"end":{"line":26,"column":3}}},"2":{"name":"(anonymous_2)","decl":{"start":{"line":28,"column":2},"end":{"line":28,"column":7}},"loc":{"start":{"line":28,"column":38},"end":{"line":52,"column":3}}},"3":{"name":"(anonymous_3)","decl":{"start":{"line":37,"column":43},"end":{"line":37,"column":44}},"loc":{"start":{"line":37,"column":53},"end":{"line":37,"column":90}}},"4":{"name":"(anonymous_4)","decl":{"start":{"line":39,"column":19},"end":{"line":39,"column":23}},"loc":{"start":{"line":39,"column":27},"end":{"line":49,"column":5}}},"5":{"name":"(anonymous_5)","decl":{"start":{"line":55,"column":2},"end":{"line":55,"column":10}},"loc":{"start":{"line":55,"column":32},"end":{"line":69,"column":3}}},"6":{"name":"(anonymous_6)","decl":{"start":{"line":72,"column":2},"end":{"line":72,"column":6}},"loc":{"start":{"line":72,"column":7},"end":{"line":74,"column":3}}},"7":{"name":"(anonymous_7)","decl":{"start":{"line":76,"column":2},"end":{"line":76,"column":8}},"loc":{"start":{"line":76,"column":44},"end":{"line":121,"column":3}}},"8":{"name":"(anonymous_8)","decl":{"start":{"line":80,"column":24},"end":{"line":80,"column":25}},"loc":{"start":{"line":80,"column":28},"end":{"line":88,"column":7}}},"9":{"name":"(anonymous_9)","decl":{"start":{"line":83,"column":23},"end":{"line":83,"column":24}},"loc":{"start":{"line":83,"column":27},"end":{"line":85,"column":9}}},"10":{"name":"(anonymous_10)","decl":{"start":{"line":133,"column":2},"end":{"line":133,"column":6}},"loc":{"start":{"line":133,"column":59},"end":{"line":149,"column":3}}},"11":{"name":"parseDateTime","decl":{"start":{"line":152,"column":9},"end":{"line":152,"column":22}},"loc":{"start":{"line":152,"column":36},"end":{"line":162,"column":1}}}},"branchMap":{"0":{"loc":{"start":{"line":18,"column":4},"end":{"line":20,"column":5}},"type":"if","locations":[{"start":{"line":18,"column":4},"end":{"line":20,"column":5}},{"start":{"line":18,"column":4},"end":{"line":20,"column":5}}]},"1":{"loc":{"start":{"line":22,"column":77},"end":{"line":22,"column":93}},"type":"cond-expr","locations":[{"start":{"line":22,"column":77},"end":{"line":22,"column":93}},{"start":{"line":22,"column":96},"end":{"line":22,"column":112}}]},"2":{"loc":{"start":{"line":23,"column":71},"end":{"line":23,"column":85}},"type":"cond-expr","locations":[{"start":{"line":23,"column":71},"end":{"line":23,"column":85}},{"start":{"line":23,"column":88},"end":{"line":23,"column":102}}]},"3":{"loc":{"start":{"line":29,"column":4},"end":{"line":31,"column":5}},"type":"if","locations":[{"start":{"line":29,"column":4},"end":{"line":31,"column":5}},{"start":{"line":29,"column":4},"end":{"line":31,"column":5}}]},"4":{"loc":{"start":{"line":40,"column":6},"end":{"line":48,"column":7}},"type":"if","locations":[{"start":{"line":40,"column":6},"end":{"line":48,"column":7}},{"start":{"line":40,"column":6},"end":{"line":48,"column":7}}]},"5":{"loc":{"start":{"line":40,"column":10},"end":{"line":40,"column":29}},"type":"binary-expr","locations":[{"start":{"line":40,"column":10},"end":{"line":40,"column":29}},{"start":{"line":40,"column":33},"end":{"line":40,"column":76}}]},"6":{"loc":{"start":{"line":46,"column":54},"end":{"line":46,"column":83}},"type":"cond-expr","locations":[{"start":{"line":46,"column":54},"end":{"line":46,"column":83}},{"start":{"line":46,"column":86},"end":{"line":46,"column":95}}]},"7":{"loc":{"start":{"line":56,"column":4},"end":{"line":58,"column":5}},"type":"if","locations":[{"start":{"line":56,"column":4},"end":{"line":58,"column":5}},{"start":{"line":56,"column":4},"end":{"line":58,"column":5}}]},"8":{"loc":{"start":{"line":56,"column":8},"end":{"line":56,"column":37}},"type":"binary-expr","locations":[{"start":{"line":56,"column":8},"end":{"line":56,"column":37}},{"start":{"line":56,"column":41},"end":{"line":56,"column":67}}]},"9":{"loc":{"start":{"line":60,"column":4},"end":{"line":62,"column":5}},"type":"if","locations":[{"start":{"line":60,"column":4},"end":{"line":62,"column":5}},{"start":{"line":60,"column":4},"end":{"line":62,"column":5}}]},"10":{"loc":{"start":{"line":60,"column":8},"end":{"line":60,"column":34}},"type":"binary-expr","locations":[{"start":{"line":60,"column":8},"end":{"line":60,"column":34}},{"start":{"line":60,"column":38},"end":{"line":60,"column":63}}]},"11":{"loc":{"start":{"line":64,"column":4},"end":{"line":66,"column":5}},"type":"if","locations":[{"start":{"line":64,"column":4},"end":{"line":66,"column":5}},{"start":{"line":64,"column":4},"end":{"line":66,"column":5}}]},"12":{"loc":{"start":{"line":64,"column":8},"end":{"line":64,"column":37}},"type":"binary-expr","locations":[{"start":{"line":64,"column":8},"end":{"line":64,"column":37}},{"start":{"line":64,"column":41},"end":{"line":64,"column":66}}]},"13":{"loc":{"start":{"line":77,"column":4},"end":{"line":91,"column":5}},"type":"if","locations":[{"start":{"line":77,"column":4},"end":{"line":91,"column":5}},{"start":{"line":77,"column":4},"end":{"line":91,"column":5}}]},"14":{"loc":{"start":{"line":93,"column":4},"end":{"line":95,"column":5}},"type":"if","locations":[{"start":{"line":93,"column":4},"end":{"line":95,"column":5}},{"start":{"line":93,"column":4},"end":{"line":95,"column":5}}]},"15":{"loc":{"start":{"line":97,"column":4},"end":{"line":102,"column":5}},"type":"if","locations":[{"start":{"line":97,"column":4},"end":{"line":102,"column":5}},{"start":{"line":97,"column":4},"end":{"line":102,"column":5}}]},"16":{"loc":{"start":{"line":97,"column":8},"end":{"line":97,"column":36}},"type":"binary-expr","locations":[{"start":{"line":97,"column":8},"end":{"line":97,"column":36}},{"start":{"line":97,"column":40},"end":{"line":97,"column":64}}]},"17":{"loc":{"start":{"line":104,"column":4},"end":{"line":106,"column":5}},"type":"if","locations":[{"start":{"line":104,"column":4},"end":{"line":106,"column":5}},{"start":{"line":104,"column":4},"end":{"line":106,"column":5}}]},"18":{"loc":{"start":{"line":104,"column":8},"end":{"line":104,"column":37}},"type":"binary-expr","locations":[{"start":{"line":104,"column":8},"end":{"line":104,"column":37}},{"start":{"line":104,"column":41},"end":{"line":104,"column":66}}]},"19":{"loc":{"start":{"line":108,"column":4},"end":{"line":112,"column":5}},"type":"if","locations":[{"start":{"line":108,"column":4},"end":{"line":112,"column":5}},{"start":{"line":108,"column":4},"end":{"line":112,"column":5}}]},"20":{"loc":{"start":{"line":108,"column":8},"end":{"line":108,"column":37}},"type":"binary-expr","locations":[{"start":{"line":108,"column":8},"end":{"line":108,"column":37}},{"start":{"line":108,"column":41},"end":{"line":108,"column":65}}]},"21":{"loc":{"start":{"line":114,"column":4},"end":{"line":118,"column":5}},"type":"if","locations":[{"start":{"line":114,"column":4},"end":{"line":118,"column":5}},{"start":{"line":114,"column":4},"end":{"line":118,"column":5}}]},"22":{"loc":{"start":{"line":114,"column":8},"end":{"line":114,"column":36}},"type":"binary-expr","locations":[{"start":{"line":114,"column":8},"end":{"line":114,"column":36}},{"start":{"line":114,"column":40},"end":{"line":114,"column":65}}]},"23":{"loc":{"start":{"line":133,"column":55},"end":{"line":133,"column":59}},"type":"default-arg","locations":[{"start":{"line":133,"column":55},"end":{"line":133,"column":59}}]},"24":{"loc":{"start":{"line":135,"column":18},"end":{"line":135,"column":33}},"type":"binary-expr","locations":[{"start":{"line":135,"column":18},"end":{"line":135,"column":33}},{"start":{"line":135,"column":37},"end":{"line":135,"column":50}}]},"25":{"loc":{"start":{"line":138,"column":18},"end":{"line":138,"column":37}},"type":"cond-expr","locations":[{"start":{"line":138,"column":18},"end":{"line":138,"column":37}},{"start":{"line":138,"column":40},"end":{"line":138,"column":58}}]},"26":{"loc":{"start":{"line":144,"column":4},"end":{"line":146,"column":5}},"type":"if","locations":[{"start":{"line":144,"column":4},"end":{"line":146,"column":5}},{"start":{"line":144,"column":4},"end":{"line":146,"column":5}}]},"27":{"loc":{"start":{"line":144,"column":8},"end":{"line":144,"column":14}},"type":"binary-expr","locations":[{"start":{"line":144,"column":8},"end":{"line":144,"column":14}},{"start":{"line":144,"column":18},"end":{"line":144,"column":38}}]},"28":{"loc":{"start":{"line":153,"column":2},"end":{"line":155,"column":3}},"type":"if","locations":[{"start":{"line":153,"column":2},"end":{"line":155,"column":3}},{"start":{"line":153,"column":2},"end":{"line":155,"column":3}}]},"29":{"loc":{"start":{"line":157,"column":2},"end":{"line":159,"column":3}},"type":"if","locations":[{"start":{"line":157,"column":2},"end":{"line":159,"column":3}},{"start":{"line":157,"column":2},"end":{"line":159,"column":3}}]},"30":{"loc":{"start":{"line":157,"column":6},"end":{"line":157,"column":34}},"type":"binary-expr","locations":[{"start":{"line":157,"column":6},"end":{"line":157,"column":34}},{"start":{"line":157,"column":38},"end":{"line":157,"column":66}}]}},"s":{"0":101,"1":101,"2":3,"3":0,"4":3,"5":3,"6":3,"7":3,"8":0,"9":3,"10":3,"11":29,"12":3,"13":11,"14":6,"15":5,"16":3,"17":32,"18":15,"19":17,"20":2,"21":15,"22":3,"23":12,"24":13,"25":22,"26":3,"27":3,"28":9,"29":9,"30":14,"31":9,"32":3,"33":19,"34":9,"35":10,"36":6,"37":4,"38":1,"39":3,"40":1,"41":2,"42":2,"43":0,"44":8,"45":8,"46":8,"47":8,"48":24,"49":24,"50":24,"51":8,"52":1,"53":8,"54":2,"55":202,"56":64,"57":138,"58":138,"59":0},"f":{"0":101,"1":3,"2":3,"3":29,"4":11,"5":32,"6":13,"7":22,"8":9,"9":14,"10":8,"11":202},"b":{"0":[0,3],"1":[2,1],"2":[3,0],"3":[0,3],"4":[6,5],"5":[11,8],"6":[0,5],"7":[15,17],"8":[32,23],"9":[2,15],"10":[17,13],"11":[3,12],"12":[15,7],"13":[3,19],"14":[9,10],"15":[6,4],"16":[10,8],"17":[1,3],"18":[4,2],"19":[1,2],"20":[3,1],"21":[2,0],"22":[2,2],"23":[1],"24":[8,7],"25":[26,6],"26":[1,7],"27":[8,1],"28":[64,138],"29":[138,0],"30":[138,26]}}
,"/Users/afedyk/Development/rollbooking/rollbooking.com/src/models/dat-of-week.ts": {"path":"/Users/afedyk/Development/rollbooking/rollbooking.com/src/models/dat-of-week.ts","statementMap":{"0":{"start":{"line":5,"column":0},"end":{"line":14,"column":1}},"1":{"start":{"line":6,"column":2},"end":{"line":6,"column":30}},"2":{"start":{"line":7,"column":2},"end":{"line":7,"column":12}},"3":{"start":{"line":8,"column":2},"end":{"line":8,"column":13}},"4":{"start":{"line":9,"column":2},"end":{"line":9,"column":15}},"5":{"start":{"line":10,"column":2},"end":{"line":10,"column":14}},"6":{"start":{"line":11,"column":2},"end":{"line":11,"column":12}},"7":{"start":{"line":12,"column":2},"end":{"line":12,"column":14}},"8":{"start":{"line":13,"column":2},"end":{"line":13,"column":12}}},"fnMap":{"0":{"name":"(anonymous_0)","decl":{"start":{"line":5,"column":0},"end":{"line":5,"column":11}},"loc":{"start":{"line":5,"column":21},"end":{"line":14,"column":1}}}},"branchMap":{"0":{"loc":{"start":{"line":5,"column":12},"end":{"line":5,"column":21}},"type":"binary-expr","locations":[{"start":{"line":5,"column":12},"end":{"line":5,"column":21}},{"start":{"line":5,"column":12},"end":{"line":5,"column":21}}]}},"s":{"0":1,"1":1,"2":1,"3":1,"4":1,"5":1,"6":1,"7":1,"8":1},"f":{"0":1},"b":{"0":[1,1]}}
,"/Users/afedyk/Development/rollbooking/rollbooking.com/src/queries/salons.ts": {"path":"/Users/afedyk/Development/rollbooking/rollbooking.com/src/queries/salons.ts","statementMap":{"0":{"start":{"line":1,"column":0},"end":{"line":1,"column":51}},"1":{"start":{"line":8,"column":19},"end":{"line":8,"column":87}},"2":{"start":{"line":10,"column":2},"end":{"line":10,"column":41}},"3":{"start":{"line":7,"column":0},"end":{"line":11,"column":1}},"4":{"start":{"line":14,"column":35},"end":{"line":14,"column":60}},"5":{"start":{"line":15,"column":16},"end":{"line":15,"column":99}},"6":{"start":{"line":17,"column":19},"end":{"line":17,"column":52}},"7":{"start":{"line":19,"column":2},"end":{"line":19,"column":41}},"8":{"start":{"line":13,"column":0},"end":{"line":20,"column":1}},"9":{"start":{"line":23,"column":35},"end":{"line":23,"column":64}},"10":{"start":{"line":24,"column":16},"end":{"line":24,"column":104}},"11":{"start":{"line":26,"column":19},"end":{"line":26,"column":52}},"12":{"start":{"line":28,"column":2},"end":{"line":28,"column":41}},"13":{"start":{"line":22,"column":0},"end":{"line":29,"column":1}},"14":{"start":{"line":38,"column":35},"end":{"line":38,"column":64}},"15":{"start":{"line":39,"column":16},"end":{"line":42,"column":17}},"16":{"start":{"line":44,"column":19},"end":{"line":44,"column":76}},"17":{"start":{"line":46,"column":2},"end":{"line":46,"column":41}},"18":{"start":{"line":32,"column":0},"end":{"line":47,"column":1}},"19":{"start":{"line":55,"column":16},"end":{"line":55,"column":79}},"20":{"start":{"line":56,"column":19},"end":{"line":56,"column":63}},"21":{"start":{"line":58,"column":2},"end":{"line":58,"column":14}},"22":{"start":{"line":54,"column":0},"end":{"line":59,"column":1}},"23":{"start":{"line":62,"column":16},"end":{"line":62,"column":61}},"24":{"start":{"line":64,"column":19},"end":{"line":64,"column":55}},"25":{"start":{"line":66,"column":2},"end":{"line":66,"column":13}},"26":{"start":{"line":61,"column":0},"end":{"line":67,"column":1}},"27":{"start":{"line":75,"column":16},"end":{"line":75,"column":81}},"28":{"start":{"line":77,"column":19},"end":{"line":77,"column":55}},"29":{"start":{"line":79,"column":2},"end":{"line":79,"column":13}},"30":{"start":{"line":74,"column":0},"end":{"line":80,"column":1}},"31":{"start":{"line":83,"column":16},"end":{"line":83,"column":74}},"32":{"start":{"line":85,"column":19},"end":{"line":85,"column":66}},"33":{"start":{"line":87,"column":2},"end":{"line":87,"column":41}},"34":{"start":{"line":82,"column":0},"end":{"line":88,"column":1}},"35":{"start":{"line":91,"column":35},"end":{"line":91,"column":62}},"36":{"start":{"line":92,"column":16},"end":{"line":92,"column":107}},"37":{"start":{"line":94,"column":19},"end":{"line":94,"column":52}},"38":{"start":{"line":96,"column":2},"end":{"line":96,"column":41}},"39":{"start":{"line":90,"column":0},"end":{"line":97,"column":1}},"40":{"start":{"line":100,"column":35},"end":{"line":100,"column":62}},"41":{"start":{"line":101,"column":16},"end":{"line":104,"column":17}},"42":{"start":{"line":106,"column":19},"end":{"line":106,"column":79}},"43":{"start":{"line":108,"column":2},"end":{"line":108,"column":41}},"44":{"start":{"line":99,"column":0},"end":{"line":109,"column":1}},"45":{"start":{"line":117,"column":16},"end":{"line":117,"column":77}},"46":{"start":{"line":119,"column":19},"end":{"line":119,"column":66}},"47":{"start":{"line":121,"column":2},"end":{"line":121,"column":14}},"48":{"start":{"line":116,"column":0},"end":{"line":122,"column":1}},"49":{"start":{"line":125,"column":19},"end":{"line":125,"column":93}},"50":{"start":{"line":127,"column":2},"end":{"line":127,"column":13}},"51":{"start":{"line":124,"column":0},"end":{"line":128,"column":1}},"52":{"start":{"line":131,"column":19},"end":{"line":131,"column":126}},"53":{"start":{"line":133,"column":2},"end":{"line":133,"column":41}},"54":{"start":{"line":130,"column":0},"end":{"line":134,"column":1}}},"fnMap":{"0":{"name":"getSalonById","decl":{"start":{"line":7,"column":22},"end":{"line":7,"column":34}},"loc":{"start":{"line":7,"column":65},"end":{"line":11,"column":1}}},"1":{"name":"createSalon","decl":{"start":{"line":13,"column":22},"end":{"line":13,"column":33}},"loc":{"start":{"line":13,"column":66},"end":{"line":20,"column":1}}},"2":{"name":"addSalonUser","decl":{"start":{"line":22,"column":22},"end":{"line":22,"column":34}},"loc":{"start":{"line":22,"column":75},"end":{"line":29,"column":1}}},"3":{"name":"updateSalonUser","decl":{"start":{"line":32,"column":22},"end":{"line":32,"column":37}},"loc":{"start":{"line":36,"column":22},"end":{"line":47,"column":1}}},"4":{"name":"removeUserFromSalon","decl":{"start":{"line":54,"column":22},"end":{"line":54,"column":41}},"loc":{"start":{"line":54,"column":93},"end":{"line":59,"column":1}}},"5":{"name":"getSalonUsers","decl":{"start":{"line":61,"column":22},"end":{"line":61,"column":35}},"loc":{"start":{"line":61,"column":63},"end":{"line":67,"column":1}}},"6":{"name":"getSalonServices","decl":{"start":{"line":74,"column":22},"end":{"line":74,"column":38}},"loc":{"start":{"line":74,"column":66},"end":{"line":80,"column":1}}},"7":{"name":"getSalonService","decl":{"start":{"line":82,"column":22},"end":{"line":82,"column":37}},"loc":{"start":{"line":82,"column":92},"end":{"line":88,"column":1}}},"8":{"name":"addSalonService","decl":{"start":{"line":90,"column":22},"end":{"line":90,"column":37}},"loc":{"start":{"line":90,"column":79},"end":{"line":97,"column":1}}},"9":{"name":"updateSalonService","decl":{"start":{"line":99,"column":22},"end":{"line":99,"column":40}},"loc":{"start":{"line":99,"column":118},"end":{"line":109,"column":1}}},"10":{"name":"removeServiceFromSalon","decl":{"start":{"line":116,"column":22},"end":{"line":116,"column":44}},"loc":{"start":{"line":116,"column":91},"end":{"line":122,"column":1}}},"11":{"name":"getUserSalons","decl":{"start":{"line":124,"column":22},"end":{"line":124,"column":35}},"loc":{"start":{"line":124,"column":70},"end":{"line":128,"column":1}}},"12":{"name":"getSalonUser","decl":{"start":{"line":130,"column":22},"end":{"line":130,"column":34}},"loc":{"start":{"line":130,"column":86},"end":{"line":134,"column":1}}}},"branchMap":{"0":{"loc":{"start":{"line":10,"column":27},"end":{"line":10,"column":34}},"type":"cond-expr","locations":[{"start":{"line":10,"column":27},"end":{"line":10,"column":34}},{"start":{"line":10,"column":37},"end":{"line":10,"column":41}}]},"1":{"loc":{"start":{"line":19,"column":27},"end":{"line":19,"column":34}},"type":"cond-expr","locations":[{"start":{"line":19,"column":27},"end":{"line":19,"column":34}},{"start":{"line":19,"column":37},"end":{"line":19,"column":41}}]},"2":{"loc":{"start":{"line":28,"column":27},"end":{"line":28,"column":34}},"type":"cond-expr","locations":[{"start":{"line":28,"column":27},"end":{"line":28,"column":34}},{"start":{"line":28,"column":37},"end":{"line":28,"column":41}}]},"3":{"loc":{"start":{"line":46,"column":27},"end":{"line":46,"column":34}},"type":"cond-expr","locations":[{"start":{"line":46,"column":27},"end":{"line":46,"column":34}},{"start":{"line":46,"column":37},"end":{"line":46,"column":41}}]},"4":{"loc":{"start":{"line":87,"column":27},"end":{"line":87,"column":34}},"type":"cond-expr","locations":[{"start":{"line":87,"column":27},"end":{"line":87,"column":34}},{"start":{"line":87,"column":37},"end":{"line":87,"column":41}}]},"5":{"loc":{"start":{"line":96,"column":27},"end":{"line":96,"column":34}},"type":"cond-expr","locations":[{"start":{"line":96,"column":27},"end":{"line":96,"column":34}},{"start":{"line":96,"column":37},"end":{"line":96,"column":41}}]},"6":{"loc":{"start":{"line":108,"column":27},"end":{"line":108,"column":34}},"type":"cond-expr","locations":[{"start":{"line":108,"column":27},"end":{"line":108,"column":34}},{"start":{"line":108,"column":37},"end":{"line":108,"column":41}}]},"7":{"loc":{"start":{"line":133,"column":27},"end":{"line":133,"column":34}},"type":"cond-expr","locations":[{"start":{"line":133,"column":27},"end":{"line":133,"column":34}},{"start":{"line":133,"column":37},"end":{"line":133,"column":41}}]}},"s":{"0":1,"1":0,"2":0,"3":1,"4":0,"5":0,"6":0,"7":0,"8":1,"9":0,"10":0,"11":0,"12":0,"13":1,"14":0,"15":0,"16":0,"17":0,"18":1,"19":0,"20":0,"21":0,"22":1,"23":0,"24":0,"25":0,"26":1,"27":0,"28":0,"29":0,"30":1,"31":0,"32":0,"33":0,"34":1,"35":0,"36":0,"37":0,"38":0,"39":1,"40":0,"41":0,"42":0,"43":0,"44":1,"45":0,"46":0,"47":0,"48":1,"49":0,"50":0,"51":1,"52":0,"53":0,"54":1},"f":{"0":0,"1":0,"2":0,"3":0,"4":0,"5":0,"6":0,"7":0,"8":0,"9":0,"10":0,"11":0,"12":0},"b":{"0":[0,0],"1":[0,0],"2":[0,0],"3":[0,0],"4":[0,0],"5":[0,0],"6":[0,0],"7":[0,0]}}
,"/Users/afedyk/Development/rollbooking/rollbooking.com/src/sagas/booking/get-booking-workdays.ts": {"path":"/Users/afedyk/Development/rollbooking/rollbooking.com/src/sagas/booking/get-booking-workdays.ts","statementMap":{"0":{"start":{"line":4,"column":0},"end":{"line":4,"column":48}},"1":{"start":{"line":5,"column":0},"end":{"line":5,"column":52}},"2":{"start":{"line":6,"column":0},"end":{"line":6,"column":65}},"3":{"start":{"line":7,"column":0},"end":{"line":7,"column":41}},"4":{"start":{"line":9,"column":0},"end":{"line":9,"column":64}},"5":{"start":{"line":10,"column":0},"end":{"line":10,"column":86}},"6":{"start":{"line":31,"column":118},"end":{"line":31,"column":124}},"7":{"start":{"line":32,"column":17},"end":{"line":32,"column":89}},"8":{"start":{"line":33,"column":44},"end":{"line":33,"column":46}},"9":{"start":{"line":35,"column":2},"end":{"line":84,"column":3}},"10":{"start":{"line":36,"column":18},"end":{"line":36,"column":27}},"11":{"start":{"line":37,"column":29},"end":{"line":37,"column":31}},"12":{"start":{"line":39,"column":4},"end":{"line":73,"column":5}},"13":{"start":{"line":40,"column":26},"end":{"line":40,"column":41}},"14":{"start":{"line":41,"column":33},"end":{"line":41,"column":89}},"15":{"start":{"line":41,"column":58},"end":{"line":41,"column":88}},"16":{"start":{"line":42,"column":39},"end":{"line":42,"column":75}},"17":{"start":{"line":42,"column":67},"end":{"line":42,"column":74}},"18":{"start":{"line":43,"column":39},"end":{"line":43,"column":41}},"19":{"start":{"line":45,"column":6},"end":{"line":68,"column":7}},"20":{"start":{"line":46,"column":29},"end":{"line":46,"column":45}},"21":{"start":{"line":48,"column":32},"end":{"line":48,"column":71}},"22":{"start":{"line":49,"column":30},"end":{"line":59,"column":26}},"23":{"start":{"line":50,"column":38},"end":{"line":50,"column":71}},"24":{"start":{"line":51,"column":25},"end":{"line":53,"column":12}},"25":{"start":{"line":56,"column":10},"end":{"line":56,"column":23}},"26":{"start":{"line":58,"column":10},"end":{"line":58,"column":39}},"27":{"start":{"line":61,"column":31},"end":{"line":63,"column":10}},"28":{"start":{"line":62,"column":10},"end":{"line":62,"column":36}},"29":{"start":{"line":65,"column":8},"end":{"line":67,"column":10}},"30":{"start":{"line":70,"column":6},"end":{"line":72,"column":7}},"31":{"start":{"line":75,"column":4},"end":{"line":83,"column":6}},"32":{"start":{"line":86,"column":2},"end":{"line":86,"column":25}},"33":{"start":{"line":30,"column":0},"end":{"line":87,"column":1}},"34":{"start":{"line":90,"column":20},"end":{"line":90,"column":45}},"35":{"start":{"line":91,"column":28},"end":{"line":91,"column":83}},"36":{"start":{"line":92,"column":17},"end":{"line":92,"column":19}},"37":{"start":{"line":94,"column":13},"end":{"line":94,"column":38}},"38":{"start":{"line":96,"column":2},"end":{"line":112,"column":3}},"39":{"start":{"line":97,"column":26},"end":{"line":97,"column":52}},"40":{"start":{"line":99,"column":4},"end":{"line":103,"column":5}},"41":{"start":{"line":100,"column":6},"end":{"line":102,"column":9}},"42":{"start":{"line":101,"column":8},"end":{"line":101,"column":51}},"43":{"start":{"line":105,"column":4},"end":{"line":109,"column":5}},"44":{"start":{"line":106,"column":6},"end":{"line":108,"column":9}},"45":{"start":{"line":107,"column":8},"end":{"line":107,"column":52}},"46":{"start":{"line":111,"column":4},"end":{"line":111,"column":27}},"47":{"start":{"line":114,"column":23},"end":{"line":114,"column":46}},"48":{"start":{"line":116,"column":2},"end":{"line":118,"column":60}},"49":{"start":{"line":117,"column":21},"end":{"line":117,"column":47}},"50":{"start":{"line":118,"column":18},"end":{"line":118,"column":58}},"51":{"start":{"line":89,"column":0},"end":{"line":119,"column":1}},"52":{"start":{"line":122,"column":14},"end":{"line":122,"column":48}},"53":{"start":{"line":124,"column":2},"end":{"line":134,"column":3}},"54":{"start":{"line":125,"column":19},"end":{"line":125,"column":29}},"55":{"start":{"line":127,"column":4},"end":{"line":132,"column":5}},"56":{"start":{"line":128,"column":6},"end":{"line":128,"column":40}},"57":{"start":{"line":131,"column":6},"end":{"line":131,"column":43}},"58":{"start":{"line":136,"column":2},"end":{"line":136,"column":13}},"59":{"start":{"line":121,"column":0},"end":{"line":137,"column":1}},"60":{"start":{"line":141,"column":2},"end":{"line":143,"column":3}},"61":{"start":{"line":142,"column":4},"end":{"line":142,"column":64}},"62":{"start":{"line":145,"column":20},"end":{"line":145,"column":85}},"63":{"start":{"line":146,"column":16},"end":{"line":146,"column":35}},"64":{"start":{"line":148,"column":18},"end":{"line":148,"column":42}},"65":{"start":{"line":150,"column":2},"end":{"line":157,"column":3}},"66":{"start":{"line":151,"column":4},"end":{"line":156,"column":5}},"67":{"start":{"line":152,"column":6},"end":{"line":152,"column":64}},"68":{"start":{"line":155,"column":6},"end":{"line":155,"column":78}},"69":{"start":{"line":159,"column":14},"end":{"line":159,"column":93}},"70":{"start":{"line":161,"column":2},"end":{"line":161,"column":35}},"71":{"start":{"line":140,"column":0},"end":{"line":162,"column":1}}},"fnMap":{"0":{"name":"getBookingWorkdays","decl":{"start":{"line":30,"column":16},"end":{"line":30,"column":34}},"loc":{"start":{"line":30,"column":49},"end":{"line":87,"column":1}}},"1":{"name":"(anonymous_1)","decl":{"start":{"line":41,"column":53},"end":{"line":41,"column":54}},"loc":{"start":{"line":41,"column":58},"end":{"line":41,"column":88}}},"2":{"name":"(anonymous_2)","decl":{"start":{"line":42,"column":62},"end":{"line":42,"column":63}},"loc":{"start":{"line":42,"column":67},"end":{"line":42,"column":74}}},"3":{"name":"(anonymous_3)","decl":{"start":{"line":49,"column":53},"end":{"line":49,"column":61}},"loc":{"start":{"line":49,"column":77},"end":{"line":59,"column":9}}},"4":{"name":"(anonymous_4)","decl":{"start":{"line":61,"column":49},"end":{"line":61,"column":57}},"loc":{"start":{"line":61,"column":62},"end":{"line":63,"column":9}}},"5":{"name":"getPeriods","decl":{"start":{"line":89,"column":16},"end":{"line":89,"column":26}},"loc":{"start":{"line":89,"column":116},"end":{"line":119,"column":1}}},"6":{"name":"(anonymous_6)","decl":{"start":{"line":100,"column":62},"end":{"line":100,"column":67}},"loc":{"start":{"line":100,"column":71},"end":{"line":102,"column":7}}},"7":{"name":"(anonymous_7)","decl":{"start":{"line":106,"column":82},"end":{"line":106,"column":87}},"loc":{"start":{"line":106,"column":91},"end":{"line":108,"column":7}}},"8":{"name":"(anonymous_8)","decl":{"start":{"line":117,"column":12},"end":{"line":117,"column":16}},"loc":{"start":{"line":117,"column":21},"end":{"line":117,"column":47}}},"9":{"name":"(anonymous_9)","decl":{"start":{"line":118,"column":9},"end":{"line":118,"column":13}},"loc":{"start":{"line":118,"column":18},"end":{"line":118,"column":58}}},"10":{"name":"getGroupedPeriodsByDayOfWeek","decl":{"start":{"line":121,"column":16},"end":{"line":121,"column":44}},"loc":{"start":{"line":121,"column":66},"end":{"line":137,"column":1}}},"11":{"name":"getDateRangeFromPeriod","decl":{"start":{"line":140,"column":16},"end":{"line":140,"column":38}},"loc":{"start":{"line":140,"column":69},"end":{"line":162,"column":1}}}},"branchMap":{"0":{"loc":{"start":{"line":99,"column":4},"end":{"line":103,"column":5}},"type":"if","locations":[{"start":{"line":99,"column":4},"end":{"line":103,"column":5}},{"start":{"line":99,"column":4},"end":{"line":103,"column":5}}]},"1":{"loc":{"start":{"line":105,"column":4},"end":{"line":109,"column":5}},"type":"if","locations":[{"start":{"line":105,"column":4},"end":{"line":109,"column":5}},{"start":{"line":105,"column":4},"end":{"line":109,"column":5}}]},"2":{"loc":{"start":{"line":127,"column":4},"end":{"line":132,"column":5}},"type":"if","locations":[{"start":{"line":127,"column":4},"end":{"line":132,"column":5}},{"start":{"line":127,"column":4},"end":{"line":132,"column":5}}]},"3":{"loc":{"start":{"line":141,"column":2},"end":{"line":143,"column":3}},"type":"if","locations":[{"start":{"line":141,"column":2},"end":{"line":143,"column":3}},{"start":{"line":141,"column":2},"end":{"line":143,"column":3}}]},"4":{"loc":{"start":{"line":141,"column":6},"end":{"line":141,"column":58}},"type":"binary-expr","locations":[{"start":{"line":141,"column":6},"end":{"line":141,"column":58}},{"start":{"line":141,"column":62},"end":{"line":141,"column":94}}]},"5":{"loc":{"start":{"line":150,"column":2},"end":{"line":157,"column":3}},"type":"if","locations":[{"start":{"line":150,"column":2},"end":{"line":157,"column":3}},{"start":{"line":150,"column":2},"end":{"line":157,"column":3}}]},"6":{"loc":{"start":{"line":151,"column":4},"end":{"line":156,"column":5}},"type":"if","locations":[{"start":{"line":151,"column":4},"end":{"line":156,"column":5}},{"start":{"line":151,"column":4},"end":{"line":156,"column":5}}]}},"s":{"0":1,"1":1,"2":1,"3":1,"4":1,"5":1,"6":1,"7":1,"8":1,"9":1,"10":1,"11":1,"12":1,"13":1,"14":1,"15":2,"16":1,"17":2,"18":1,"19":1,"20":2,"21":2,"22":2,"23":6,"24":6,"25":6,"26":6,"27":2,"28":8,"29":2,"30":1,"31":1,"32":1,"33":1,"34":2,"35":2,"36":2,"37":2,"38":2,"39":4,"40":4,"41":3,"42":3,"43":4,"44":0,"45":0,"46":4,"47":2,"48":2,"49":3,"50":2,"51":1,"52":2,"53":2,"54":3,"55":3,"56":3,"57":0,"58":2,"59":1,"60":5,"61":0,"62":5,"63":5,"64":5,"65":5,"66":1,"67":0,"68":1,"69":5,"70":5,"71":1},"f":{"0":1,"1":2,"2":2,"3":6,"4":8,"5":2,"6":3,"7":0,"8":3,"9":2,"10":2,"11":5},"b":{"0":[3,1],"1":[0,4],"2":[3,0],"3":[0,5],"4":[5,4],"5":[1,4],"6":[0,1]}}
,"/Users/afedyk/Development/rollbooking/rollbooking.com/src/utils/date.ts": {"path":"/Users/afedyk/Development/rollbooking/rollbooking.com/src/utils/date.ts","statementMap":{"0":{"start":{"line":7,"column":16},"end":{"line":7,"column":40}},"1":{"start":{"line":9,"column":2},"end":{"line":9,"column":54}},"2":{"start":{"line":6,"column":0},"end":{"line":10,"column":1}},"3":{"start":{"line":18,"column":16},"end":{"line":18,"column":40}},"4":{"start":{"line":20,"column":2},"end":{"line":20,"column":58}},"5":{"start":{"line":17,"column":0},"end":{"line":21,"column":1}},"6":{"start":{"line":24,"column":15},"end":{"line":24,"column":47}},"7":{"start":{"line":26,"column":2},"end":{"line":28,"column":3}},"8":{"start":{"line":27,"column":4},"end":{"line":27,"column":36}},"9":{"start":{"line":30,"column":2},"end":{"line":30,"column":14}},"10":{"start":{"line":23,"column":0},"end":{"line":31,"column":1}},"11":{"start":{"line":34,"column":2},"end":{"line":34,"column":92}},"12":{"start":{"line":33,"column":0},"end":{"line":35,"column":1}},"13":{"start":{"line":38,"column":2},"end":{"line":38,"column":99}},"14":{"start":{"line":37,"column":0},"end":{"line":39,"column":1}},"15":{"start":{"line":42,"column":10},"end":{"line":42,"column":20}},"16":{"start":{"line":44,"column":2},"end":{"line":44,"column":35}}},"fnMap":{"0":{"name":"addDay","decl":{"start":{"line":6,"column":16},"end":{"line":6,"column":22}},"loc":{"start":{"line":6,"column":37},"end":{"line":10,"column":1}}},"1":{"name":"addMonth","decl":{"start":{"line":17,"column":16},"end":{"line":17,"column":24}},"loc":{"start":{"line":17,"column":37},"end":{"line":21,"column":1}}},"2":{"name":"parseDate","decl":{"start":{"line":23,"column":16},"end":{"line":23,"column":25}},"loc":{"start":{"line":23,"column":29},"end":{"line":31,"column":1}}},"3":{"name":"toDate","decl":{"start":{"line":33,"column":16},"end":{"line":33,"column":22}},"loc":{"start":{"line":33,"column":33},"end":{"line":35,"column":1}}},"4":{"name":"toTime","decl":{"start":{"line":37,"column":16},"end":{"line":37,"column":22}},"loc":{"start":{"line":37,"column":33},"end":{"line":39,"column":1}}},"5":{"name":"padZero","decl":{"start":{"line":41,"column":9},"end":{"line":41,"column":16}},"loc":{"start":{"line":41,"column":38},"end":{"line":45,"column":1}}}},"branchMap":{"0":{"loc":{"start":{"line":6,"column":36},"end":{"line":6,"column":37}},"type":"default-arg","locations":[{"start":{"line":6,"column":36},"end":{"line":6,"column":37}}]},"1":{"loc":{"start":{"line":24,"column":21},"end":{"line":24,"column":34}},"type":"cond-expr","locations":[{"start":{"line":24,"column":21},"end":{"line":24,"column":34}},{"start":{"line":24,"column":37},"end":{"line":24,"column":47}}]},"2":{"loc":{"start":{"line":26,"column":2},"end":{"line":28,"column":3}},"type":"if","locations":[{"start":{"line":26,"column":2},"end":{"line":28,"column":3}},{"start":{"line":26,"column":2},"end":{"line":28,"column":3}}]},"3":{"loc":{"start":{"line":26,"column":6},"end":{"line":26,"column":29}},"type":"binary-expr","locations":[{"start":{"line":26,"column":6},"end":{"line":26,"column":29}},{"start":{"line":26,"column":33},"end":{"line":26,"column":54}}]},"4":{"loc":{"start":{"line":41,"column":37},"end":{"line":41,"column":38}},"type":"default-arg","locations":[{"start":{"line":41,"column":37},"end":{"line":41,"column":38}}]}},"s":{"0":4,"1":4,"2":2,"3":0,"4":0,"5":2,"6":0,"7":0,"8":0,"9":0,"10":2,"11":1,"12":2,"13":1,"14":2,"15":5,"16":5},"f":{"0":4,"1":0,"2":0,"3":1,"4":1,"5":5},"b":{"0":[0],"1":[0,0],"2":[0,0],"3":[0,0],"4":[5]}}
,"/Users/afedyk/Development/rollbooking/rollbooking.com/src/utils/get-service-reservation-url.ts": {"path":"/Users/afedyk/Development/rollbooking/rollbooking.com/src/utils/get-service-reservation-url.ts","statementMap":{"0":{"start":{"line":1,"column":28},"end":{"line":1,"column":42}},"1":{"start":{"line":9,"column":17},"end":{"line":13,"column":4}},"2":{"start":{"line":15,"column":2},"end":{"line":15,"column":71}},"3":{"start":{"line":3,"column":0},"end":{"line":16,"column":1}}},"fnMap":{"0":{"name":"getServiceReservationUrl","decl":{"start":{"line":3,"column":16},"end":{"line":3,"column":40}},"loc":{"start":{"line":7,"column":12},"end":{"line":16,"column":1}}}},"branchMap":{"0":{"loc":{"start":{"line":10,"column":27},"end":{"line":10,"column":36}},"type":"cond-expr","locations":[{"start":{"line":10,"column":27},"end":{"line":10,"column":36}},{"start":{"line":10,"column":39},"end":{"line":10,"column":41}}]},"1":{"loc":{"start":{"line":11,"column":26},"end":{"line":11,"column":34}},"type":"cond-expr","locations":[{"start":{"line":11,"column":26},"end":{"line":11,"column":34}},{"start":{"line":11,"column":37},"end":{"line":11,"column":39}}]},"2":{"loc":{"start":{"line":12,"column":32},"end":{"line":12,"column":50}},"type":"cond-expr","locations":[{"start":{"line":12,"column":32},"end":{"line":12,"column":50}},{"start":{"line":12,"column":54},"end":{"line":12,"column":63}}]}},"s":{"0":1,"1":1,"2":1,"3":1},"f":{"0":1},"b":{"0":[1,0],"1":[1,0],"2":[1,0]}}
,"/Users/afedyk/Development/rollbooking/rollbooking.com/src/views/booking/checkout.ts": {"path":"/Users/afedyk/Development/rollbooking/rollbooking.com/src/views/booking/checkout.ts","statementMap":{"0":{"start":{"line":1,"column":0},"end":{"line":1,"column":43}},"1":{"start":{"line":11,"column":2},"end":{"line":25,"column":9}},"2":{"start":{"line":10,"column":0},"end":{"line":26,"column":1}}},"fnMap":{"0":{"name":"checkout","decl":{"start":{"line":10,"column":16},"end":{"line":10,"column":24}},"loc":{"start":{"line":10,"column":37},"end":{"line":26,"column":1}}}},"branchMap":{},"s":{"0":1,"1":0,"2":1},"f":{"0":0},"b":{}}
,"/Users/afedyk/Development/rollbooking/rollbooking.com/src/views/booking/layout.ts": {"path":"/Users/afedyk/Development/rollbooking/rollbooking.com/src/views/booking/layout.ts","statementMap":{"0":{"start":{"line":6,"column":13},"end":{"line":23,"column":1}},"1":{"start":{"line":6,"column":48},"end":{"line":23,"column":1}}},"fnMap":{"0":{"name":"(anonymous_0)","decl":{"start":{"line":6,"column":22},"end":{"line":6,"column":23}},"loc":{"start":{"line":6,"column":48},"end":{"line":23,"column":1}}}},"branchMap":{},"s":{"0":1,"1":0},"f":{"0":0},"b":{}}
}
