TN:
SF:/Users/afedyk/Development/rollbooking/rollbooking.com/src/controllers/booking/checkout.ts
FN:21,checkout
FN:52,parseRequestQuery
FNF:2
FNH:1
FNDA:0,checkout
FNDA:3,parseRequestQuery
DA:1,1
DA:3,1
DA:4,1
DA:9,1
DA:17,1
DA:19,1
DA:21,1
DA:22,0
DA:23,0
DA:24,0
DA:26,0
DA:39,0
DA:41,0
DA:52,1
DA:57,3
DA:58,3
DA:59,3
DA:60,3
DA:61,3
DA:63,3
DA:64,2
DA:66,2
DA:67,1
DA:69,1
DA:73,3
LF:25
LH:19
BRDA:47,0,0,0
BRDA:47,0,1,0
BRDA:57,1,0,3
BRDA:57,1,1,3
BRDA:57,1,2,3
BRDA:58,2,0,3
BRDA:58,2,1,3
BRDA:58,2,2,3
BRDA:59,3,0,3
BRDA:59,3,1,3
BRDA:59,3,2,3
BRDA:60,4,0,3
BRDA:60,4,1,3
BRDA:60,4,2,3
BRDA:63,5,0,2
BRDA:63,5,1,1
BRDA:63,6,0,3
BRDA:63,6,1,2
BRDA:66,7,0,1
BRDA:66,7,1,1
BRDA:74,8,0,1
BRDA:74,8,1,2
BRDA:74,9,0,3
BRDA:74,9,1,1
BRDA:75,10,0,3
BRDA:75,10,1,2
BRDA:76,11,0,3
BRDA:76,11,1,2
BRF:28
BRH:26
end_of_record
TN:
SF:/Users/afedyk/Development/rollbooking/rollbooking.com/src/helpers/date.ts
FN:1,minutesToTime
FN:9,dateToISODate
FNF:2
FNH:2
FNDA:17,minutesToTime
FNDA:12,dateToISODate
DA:1,3
DA:2,17
DA:3,17
DA:5,17
DA:9,3
DA:10,12
DA:11,12
DA:12,12
DA:14,12
LF:9
LH:9
BRF:0
BRH:0
end_of_record
TN:
SF:/Users/afedyk/Development/rollbooking/rollbooking.com/src/helpers/form.ts
FN:10,select
FN:15,(anonymous_1)
FNF:2
FNH:2
FNDA:1,select
FNDA:1,(anonymous_1)
DA:1,1
DA:2,1
DA:10,1
DA:11,1
DA:15,1
DA:16,1
DA:17,1
DA:18,1
DA:24,1
DA:27,1
LF:10
LH:10
BRDA:16,0,0,1
BRDA:16,0,1,0
BRF:2
BRH:1
end_of_record
TN:
SF:/Users/afedyk/Development/rollbooking/rollbooking.com/src/helpers/html.ts
FN:18,merge
FN:65,classes_array
FN:77,classes_object
FN:88,classes
FN:106,style
FN:132,attr
FN:161,attrs
FN:192,escape
FNF:8
FNH:6
FNDA:0,merge
FNDA:1,classes_array
FNDA:1,classes_object
FNDA:7,classes
FNDA:0,style
FNDA:8,attr
FNDA:4,attrs
FNDA:2,escape
DA:5,3
DA:18,3
DA:19,0
DA:20,0
DA:21,0
DA:22,0
DA:24,0
DA:29,0
DA:30,0
DA:31,0
DA:32,0
DA:33,0
DA:34,0
DA:35,0
DA:36,0
DA:37,0
DA:38,0
DA:40,0
DA:44,0
DA:66,1
DA:67,1
DA:68,2
DA:69,2
DA:70,2
DA:71,2
DA:72,2
DA:74,1
DA:78,1
DA:79,1
DA:80,3
DA:81,2
DA:82,2
DA:85,1
DA:88,3
DA:89,7
DA:90,1
DA:91,6
DA:92,1
DA:94,5
DA:106,3
DA:107,0
DA:108,0
DA:109,0
DA:110,0
DA:112,0
DA:113,0
DA:116,0
DA:118,0
DA:133,8
DA:134,1
DA:136,7
DA:137,1
DA:139,6
DA:140,6
DA:141,0
DA:143,6
DA:144,1
DA:145,1
DA:146,0
DA:149,6
DA:150,6
DA:161,3
DA:162,4
DA:164,4
DA:165,8
DA:166,8
DA:168,8
DA:169,2
DA:170,2
DA:171,2
DA:173,6
DA:174,0
DA:176,6
DA:180,4
DA:191,3
DA:192,3
DA:193,2
DA:194,2
DA:195,2
DA:197,1
DA:199,1
DA:200,8
DA:201,0
DA:202,0
DA:203,1
DA:204,1
DA:205,6
DA:207,2
DA:208,2
DA:209,2
DA:211,1
DA:212,1
LF:92
LH:62
BRDA:18,0,0,0
BRDA:19,1,0,0
BRDA:19,1,1,0
BRDA:30,2,0,0
BRDA:30,2,1,0
BRDA:31,3,0,0
BRDA:31,3,1,0
BRDA:32,4,0,0
BRDA:32,4,1,0
BRDA:32,5,0,0
BRDA:32,5,1,0
BRDA:33,6,0,0
BRDA:33,6,1,0
BRDA:35,7,0,0
BRDA:35,7,1,0
BRDA:35,8,0,0
BRDA:35,8,1,0
BRDA:37,9,0,0
BRDA:37,9,1,0
BRDA:37,10,0,0
BRDA:37,10,1,0
BRDA:69,11,0,0
BRDA:69,11,1,2
BRDA:70,12,0,2
BRDA:70,12,1,0
BRDA:70,12,2,0
BRDA:80,13,0,2
BRDA:80,13,1,1
BRDA:80,14,0,3
BRDA:80,14,1,3
BRDA:80,14,2,2
BRDA:88,15,0,7
BRDA:89,16,0,1
BRDA:89,16,1,6
BRDA:91,17,0,1
BRDA:91,17,1,5
BRDA:91,18,0,6
BRDA:91,18,1,6
BRDA:94,19,0,5
BRDA:94,19,1,0
BRDA:107,20,0,0
BRDA:107,20,1,0
BRDA:108,21,0,0
BRDA:108,21,1,0
BRDA:112,22,0,0
BRDA:132,23,0,0
BRDA:132,24,0,0
BRDA:133,25,0,1
BRDA:133,25,1,7
BRDA:133,26,0,8
BRDA:133,26,1,7
BRDA:133,26,2,7
BRDA:133,26,3,0
BRDA:133,26,4,0
BRDA:136,27,0,1
BRDA:136,27,1,6
BRDA:137,28,0,0
BRDA:137,28,1,1
BRDA:140,29,0,0
BRDA:140,29,1,6
BRDA:140,30,0,6
BRDA:140,30,1,6
BRDA:140,30,2,0
BRDA:143,31,0,1
BRDA:143,31,1,5
BRDA:145,32,0,0
BRDA:145,32,1,1
BRDA:145,33,0,1
BRDA:145,33,1,1
BRDA:149,34,0,0
BRDA:149,34,1,6
BRDA:161,35,0,4
BRDA:165,36,0,8
BRDA:165,36,1,0
BRDA:168,37,0,2
BRDA:168,37,1,6
BRDA:173,38,0,0
BRDA:173,38,1,6
BRDA:195,39,0,1
BRDA:195,39,1,1
BRDA:201,40,0,0
BRDA:201,40,1,0
BRDA:201,40,2,1
BRDA:201,40,3,1
BRDA:201,40,4,6
BRDA:207,41,0,2
BRDA:207,41,1,0
BRDA:211,42,0,0
BRDA:211,42,1,1
BRF:89
BRH:44
end_of_record
TN:
SF:/Users/afedyk/Development/rollbooking/rollbooking.com/src/helpers/string-map-join.ts
FN:1,stringMapJoin
FN:13,(anonymous_1)
FNF:2
FNH:2
FNDA:5,stringMapJoin
FNDA:2,(anonymous_1)
DA:1,2
DA:2,5
DA:3,5
DA:5,5
DA:6,5
DA:9,5
DA:13,2
DA:14,2
LF:8
LH:8
BRF:0
BRH:0
end_of_record
TN:
SF:/Users/afedyk/Development/rollbooking/rollbooking.com/src/helpers/date/minutes-in-day.ts
FN:1,minutesInDay
FNF:1
FNH:1
FNDA:13,minutesInDay
DA:1,2
DA:2,13
LF:2
LH:2
BRF:0
BRH:0
end_of_record
TN:
SF:/Users/afedyk/Development/rollbooking/rollbooking.com/src/helpers/date/native-date-to-date-object.ts
FN:3,nativeDateToDateObject
FNF:1
FNH:1
FNDA:4,nativeDateToDateObject
DA:3,2
DA:4,4
LF:2
LH:2
BRF:0
BRH:0
end_of_record
TN:
SF:/Users/afedyk/Development/rollbooking/rollbooking.com/src/lib/database.ts
FN:8,(anonymous_0)
FN:13,extractQueryParams
FN:27,(anonymous_2)
FN:36,connect
FNF:4
FNH:2
FNDA:0,(anonymous_0)
FNDA:3,extractQueryParams
FNDA:4,(anonymous_2)
FNDA:0,connect
DA:1,2
DA:3,2
DA:8,2
DA:9,0
DA:10,0
DA:13,2
DA:18,3
DA:19,3
DA:20,3
DA:22,3
DA:23,2
DA:24,2
DA:27,4
DA:29,3
DA:36,2
DA:37,0
LF:16
LH:13
BRDA:22,0,0,2
BRDA:22,0,1,1
BRF:2
BRH:2
end_of_record
TN:
SF:/Users/afedyk/Development/rollbooking/rollbooking.com/src/lib/date-range.ts
FN:5,(anonymous_0)
FN:17,(anonymous_1)
FN:28,(anonymous_2)
FN:37,(anonymous_3)
FN:39,(anonymous_4)
FN:55,(anonymous_5)
FN:72,(anonymous_6)
FN:76,(anonymous_7)
FN:80,(anonymous_8)
FN:83,(anonymous_9)
FN:133,(anonymous_10)
FN:152,parseDateTime
FNF:12
FNH:12
FNDA:101,(anonymous_0)
FNDA:3,(anonymous_1)
FNDA:3,(anonymous_2)
FNDA:29,(anonymous_3)
FNDA:11,(anonymous_4)
FNDA:32,(anonymous_5)
FNDA:13,(anonymous_6)
FNDA:22,(anonymous_7)
FNDA:9,(anonymous_8)
FNDA:14,(anonymous_9)
FNDA:8,(anonymous_10)
FNDA:202,parseDateTime
DA:1,2
DA:6,101
DA:7,101
DA:18,3
DA:19,0
DA:22,3
DA:23,3
DA:25,3
DA:29,3
DA:30,0
DA:34,3
DA:37,29
DA:39,3
DA:40,11
DA:41,6
DA:44,5
DA:51,3
DA:56,32
DA:57,15
DA:60,17
DA:61,2
DA:64,15
DA:65,3
DA:68,12
DA:73,13
DA:77,22
DA:78,3
DA:80,3
DA:81,9
DA:83,9
DA:84,14
DA:87,9
DA:90,3
DA:93,19
DA:94,9
DA:97,10
DA:98,6
DA:104,4
DA:105,1
DA:108,3
DA:109,1
DA:114,2
DA:115,2
DA:120,0
DA:134,8
DA:135,8
DA:136,8
DA:138,8
DA:139,24
DA:140,24
DA:141,24
DA:144,8
DA:145,1
DA:148,8
DA:153,202
DA:154,64
DA:157,138
DA:158,138
DA:161,0
LF:59
LH:55
BRDA:18,0,0,0
BRDA:18,0,1,3
BRDA:22,1,0,2
BRDA:22,1,1,1
BRDA:23,2,0,3
BRDA:23,2,1,0
BRDA:29,3,0,0
BRDA:29,3,1,3
BRDA:40,4,0,6
BRDA:40,4,1,5
BRDA:40,5,0,11
BRDA:40,5,1,8
BRDA:46,6,0,0
BRDA:46,6,1,5
BRDA:56,7,0,15
BRDA:56,7,1,17
BRDA:56,8,0,32
BRDA:56,8,1,23
BRDA:60,9,0,2
BRDA:60,9,1,15
BRDA:60,10,0,17
BRDA:60,10,1,13
BRDA:64,11,0,3
BRDA:64,11,1,12
BRDA:64,12,0,15
BRDA:64,12,1,7
BRDA:77,13,0,3
BRDA:77,13,1,19
BRDA:93,14,0,9
BRDA:93,14,1,10
BRDA:97,15,0,6
BRDA:97,15,1,4
BRDA:97,16,0,10
BRDA:97,16,1,8
BRDA:104,17,0,1
BRDA:104,17,1,3
BRDA:104,18,0,4
BRDA:104,18,1,2
BRDA:108,19,0,1
BRDA:108,19,1,2
BRDA:108,20,0,3
BRDA:108,20,1,1
BRDA:114,21,0,2
BRDA:114,21,1,0
BRDA:114,22,0,2
BRDA:114,22,1,2
BRDA:133,23,0,1
BRDA:135,24,0,8
BRDA:135,24,1,7
BRDA:138,25,0,26
BRDA:138,25,1,6
BRDA:144,26,0,1
BRDA:144,26,1,7
BRDA:144,27,0,8
BRDA:144,27,1,1
BRDA:153,28,0,64
BRDA:153,28,1,138
BRDA:157,29,0,138
BRDA:157,29,1,0
BRDA:157,30,0,138
BRDA:157,30,1,26
BRF:61
BRH:55
end_of_record
TN:
SF:/Users/afedyk/Development/rollbooking/rollbooking.com/src/models/dat-of-week.ts
FN:5,(anonymous_0)
FNF:1
FNH:1
FNDA:1,(anonymous_0)
DA:5,1
DA:6,1
DA:7,1
DA:8,1
DA:9,1
DA:10,1
DA:11,1
DA:12,1
DA:13,1
LF:9
LH:9
BRDA:5,0,0,1
BRDA:5,0,1,1
BRF:2
BRH:2
end_of_record
TN:
SF:/Users/afedyk/Development/rollbooking/rollbooking.com/src/queries/salons.ts
FN:7,getSalonById
FN:13,createSalon
FN:22,addSalonUser
FN:32,updateSalonUser
FN:54,removeUserFromSalon
FN:61,getSalonUsers
FN:74,getSalonServices
FN:82,getSalonService
FN:90,addSalonService
FN:99,updateSalonService
FN:116,removeServiceFromSalon
FN:124,getUserSalons
FN:130,getSalonUser
FNF:13
FNH:0
FNDA:0,getSalonById
FNDA:0,createSalon
FNDA:0,addSalonUser
FNDA:0,updateSalonUser
FNDA:0,removeUserFromSalon
FNDA:0,getSalonUsers
FNDA:0,getSalonServices
FNDA:0,getSalonService
FNDA:0,addSalonService
FNDA:0,updateSalonService
FNDA:0,removeServiceFromSalon
FNDA:0,getUserSalons
FNDA:0,getSalonUser
DA:1,1
DA:7,1
DA:8,0
DA:10,0
DA:13,1
DA:14,0
DA:15,0
DA:17,0
DA:19,0
DA:22,1
DA:23,0
DA:24,0
DA:26,0
DA:28,0
DA:32,1
DA:38,0
DA:39,0
DA:44,0
DA:46,0
DA:54,1
DA:55,0
DA:56,0
DA:58,0
DA:61,1
DA:62,0
DA:64,0
DA:66,0
DA:74,1
DA:75,0
DA:77,0
DA:79,0
DA:82,1
DA:83,0
DA:85,0
DA:87,0
DA:90,1
DA:91,0
DA:92,0
DA:94,0
DA:96,0
DA:99,1
DA:100,0
DA:101,0
DA:106,0
DA:108,0
DA:116,1
DA:117,0
DA:119,0
DA:121,0
DA:124,1
DA:125,0
DA:127,0
DA:130,1
DA:131,0
DA:133,0
LF:55
LH:14
BRDA:10,0,0,0
BRDA:10,0,1,0
BRDA:19,1,0,0
BRDA:19,1,1,0
BRDA:28,2,0,0
BRDA:28,2,1,0
BRDA:46,3,0,0
BRDA:46,3,1,0
BRDA:87,4,0,0
BRDA:87,4,1,0
BRDA:96,5,0,0
BRDA:96,5,1,0
BRDA:108,6,0,0
BRDA:108,6,1,0
BRDA:133,7,0,0
BRDA:133,7,1,0
BRF:16
BRH:0
end_of_record
TN:
SF:/Users/afedyk/Development/rollbooking/rollbooking.com/src/sagas/booking/get-booking-workdays.ts
FN:30,getBookingWorkdays
FN:41,(anonymous_1)
FN:42,(anonymous_2)
FN:49,(anonymous_3)
FN:61,(anonymous_4)
FN:89,getPeriods
FN:100,(anonymous_6)
FN:106,(anonymous_7)
FN:117,(anonymous_8)
FN:118,(anonymous_9)
FN:121,getGroupedPeriodsByDayOfWeek
FN:140,getDateRangeFromPeriod
FNF:12
FNH:11
FNDA:1,getBookingWorkdays
FNDA:2,(anonymous_1)
FNDA:2,(anonymous_2)
FNDA:6,(anonymous_3)
FNDA:8,(anonymous_4)
FNDA:2,getPeriods
FNDA:3,(anonymous_6)
FNDA:0,(anonymous_7)
FNDA:3,(anonymous_8)
FNDA:2,(anonymous_9)
FNDA:2,getGroupedPeriodsByDayOfWeek
FNDA:5,getDateRangeFromPeriod
DA:4,1
DA:5,1
DA:6,1
DA:7,1
DA:9,1
DA:10,1
DA:30,1
DA:31,1
DA:32,1
DA:33,1
DA:35,1
DA:36,1
DA:37,1
DA:39,1
DA:40,1
DA:41,2
DA:42,2
DA:43,1
DA:45,1
DA:46,2
DA:48,2
DA:49,2
DA:50,6
DA:51,6
DA:56,6
DA:58,6
DA:61,2
DA:62,8
DA:65,2
DA:70,1
DA:75,1
DA:86,1
DA:89,1
DA:90,2
DA:91,2
DA:92,2
DA:94,2
DA:96,2
DA:97,4
DA:99,4
DA:100,3
DA:101,3
DA:105,4
DA:106,0
DA:107,0
DA:111,4
DA:114,2
DA:116,2
DA:117,3
DA:118,2
DA:121,1
DA:122,2
DA:124,2
DA:125,3
DA:127,3
DA:128,3
DA:131,0
DA:136,2
DA:140,1
DA:141,5
DA:142,0
DA:145,5
DA:146,5
DA:148,5
DA:150,5
DA:151,1
DA:152,0
DA:155,1
DA:159,5
DA:161,5
LF:70
LH:65
BRDA:99,0,0,3
BRDA:99,0,1,1
BRDA:105,1,0,0
BRDA:105,1,1,4
BRDA:127,2,0,3
BRDA:127,2,1,0
BRDA:141,3,0,0
BRDA:141,3,1,5
BRDA:141,4,0,5
BRDA:141,4,1,4
BRDA:150,5,0,1
BRDA:150,5,1,4
BRDA:151,6,0,0
BRDA:151,6,1,1
BRF:14
BRH:10
end_of_record
TN:
SF:/Users/afedyk/Development/rollbooking/rollbooking.com/src/utils/date.ts
FN:6,addDay
FN:17,addMonth
FN:23,parseDate
FN:33,toDate
FN:37,toTime
FN:41,padZero
FNF:6
FNH:4
FNDA:4,addDay
FNDA:0,addMonth
FNDA:0,parseDate
FNDA:1,toDate
FNDA:1,toTime
FNDA:5,padZero
DA:6,2
DA:7,4
DA:9,4
DA:17,2
DA:18,0
DA:20,0
DA:23,2
DA:24,0
DA:26,0
DA:27,0
DA:30,0
DA:33,2
DA:34,1
DA:37,2
DA:38,1
DA:42,5
DA:44,5
LF:17
LH:11
BRDA:6,0,0,0
BRDA:24,1,0,0
BRDA:24,1,1,0
BRDA:26,2,0,0
BRDA:26,2,1,0
BRDA:26,3,0,0
BRDA:26,3,1,0
BRDA:41,4,0,5
BRF:8
BRH:1
end_of_record
TN:
SF:/Users/afedyk/Development/rollbooking/rollbooking.com/src/utils/get-service-reservation-url.ts
FN:3,getServiceReservationUrl
FNF:1
FNH:1
FNDA:1,getServiceReservationUrl
DA:1,1
DA:3,1
DA:9,1
DA:15,1
LF:4
LH:4
BRDA:10,0,0,1
BRDA:10,0,1,0
BRDA:11,1,0,1
BRDA:11,1,1,0
BRDA:12,2,0,1
BRDA:12,2,1,0
BRF:6
BRH:3
end_of_record
TN:
SF:/Users/afedyk/Development/rollbooking/rollbooking.com/src/views/booking/checkout.ts
FN:10,checkout
FNF:1
FNH:0
FNDA:0,checkout
DA:1,1
DA:10,1
DA:11,0
LF:3
LH:2
BRF:0
BRH:0
end_of_record
TN:
SF:/Users/afedyk/Development/rollbooking/rollbooking.com/src/views/booking/layout.ts
FN:6,(anonymous_0)
FNF:1
FNH:0
FNDA:0,(anonymous_0)
DA:6,1
LF:1
LH:1
BRF:0
BRH:0
end_of_record
